# Logfile created on 2017-04-18 01:26:32 +0300 by logger.rb/56815
  INFO ---------------------------------------------------------------------------
  INFO START 2017-04-18 01:26:32 +0300 cap production deploy
  INFO ---------------------------------------------------------------------------
  INFO ---------------------------------------------------------------------------
  INFO START 2017-04-18 01:36:32 +0300 cap production deploy:check
  INFO ---------------------------------------------------------------------------
  INFO ---------------------------------------------------------------------------
  INFO START 2017-04-18 01:37:03 +0300 cap production deploy:check
  INFO ---------------------------------------------------------------------------
  INFO ---------------------------------------------------------------------------
  INFO START 2017-04-18 01:37:11 +0300 cap production deploy:check
  INFO ---------------------------------------------------------------------------
  INFO ---------------------------------------------------------------------------
  INFO START 2017-04-18 01:42:16 +0300 cap production deploy:check
  INFO ---------------------------------------------------------------------------
  INFO [adbee5ea] Running /usr/bin/env mkdir -p /tmp as deploy@52.15.236.115
  INFO [adbee5ea] Finished in 12.528 seconds with exit status 0 (successful).
  INFO ---------------------------------------------------------------------------
  INFO START 2017-04-18 01:48:38 +0300 cap production deploy:check
  INFO ---------------------------------------------------------------------------
  INFO [bdadea78] Running /usr/bin/env mkdir -p /tmp as ubuntu@52.15.236.115
  INFO [bdadea78] Finished in 2.036 seconds with exit status 0 (successful).
  INFO Uploading /tmp/git-ssh-app_test_01-production-zhun.sh 100.0%
  INFO [de679fa0] Running /usr/bin/env chmod 700 /tmp/git-ssh-app_test_01-production-zhun.sh as ubuntu@52.15.236.115
  INFO [de679fa0] Finished in 0.297 seconds with exit status 0 (successful).
  INFO [8f21672b] Running /usr/bin/env git ls-remote https://github.com/YuraZhun/app_test_01.git HEAD as ubuntu@52.15.236.115
  INFO [8f21672b] Finished in 0.587 seconds with exit status 0 (successful).
  INFO [ee46db4c] Running /usr/bin/env mkdir -p /home/deploy/applications/myapp/shared /home/deploy/applications/myapp/releases as ubuntu@52.15.236.115
  INFO ---------------------------------------------------------------------------
  INFO START 2017-04-18 01:50:51 +0300 cap production deploy:check
  INFO ---------------------------------------------------------------------------
  INFO [06b137be] Running /usr/bin/env mkdir -p /tmp as ubuntu@52.15.236.115
  INFO [06b137be] Finished in 1.786 seconds with exit status 0 (successful).
  INFO Uploading /tmp/git-ssh-app_test_01-production-zhun.sh 100.0%
  INFO [f94720ce] Running /usr/bin/env chmod 700 /tmp/git-ssh-app_test_01-production-zhun.sh as ubuntu@52.15.236.115
  INFO [f94720ce] Finished in 0.293 seconds with exit status 0 (successful).
  INFO [42343fe7] Running /usr/bin/env git ls-remote https://github.com/YuraZhun/app_test_01.git HEAD as ubuntu@52.15.236.115
  INFO [42343fe7] Finished in 2.086 seconds with exit status 0 (successful).
  INFO [6a4c75bf] Running /usr/bin/env mkdir -p /home/deploy/applications/myapp/shared /home/deploy/applications/myapp/releases as ubuntu@52.15.236.115
  INFO ---------------------------------------------------------------------------
  INFO START 2017-04-18 01:52:06 +0300 cap production deploy:check
  INFO ---------------------------------------------------------------------------
  INFO [12eecf28] Running /usr/bin/env mkdir -p /tmp as deploy@52.15.236.115
  INFO [12eecf28] Finished in 12.397 seconds with exit status 0 (successful).
  INFO ---------------------------------------------------------------------------
  INFO START 2017-04-18 01:52:59 +0300 cap production deploy:check
  INFO ---------------------------------------------------------------------------
  INFO [d6da0f8c] Running /usr/bin/env mkdir -p /tmp as ubuntu@52.15.236.115
  INFO [d6da0f8c] Finished in 1.770 seconds with exit status 0 (successful).
  INFO Uploading /tmp/git-ssh-app_test_01-production-zhun.sh 100.0%
  INFO [aa544864] Running /usr/bin/env chmod 700 /tmp/git-ssh-app_test_01-production-zhun.sh as ubuntu@52.15.236.115
  INFO [aa544864] Finished in 0.299 seconds with exit status 0 (successful).
  INFO [59997b51] Running /usr/bin/env git ls-remote https://github.com/YuraZhun/app_test_01.git HEAD as ubuntu@52.15.236.115
  INFO [59997b51] Finished in 2.035 seconds with exit status 0 (successful).
  INFO [8cd8058b] Running /usr/bin/env mkdir -p /home/deploy/applications/myapp/shared /home/deploy/applications/myapp/releases as ubuntu@52.15.236.115
  INFO ---------------------------------------------------------------------------
  INFO START 2017-04-18 02:04:40 +0300 cap production deploy:check
  INFO ---------------------------------------------------------------------------
  INFO [a4c39527] Running /usr/bin/env mkdir -p /tmp as ubuntu@52.15.236.115
  INFO [a4c39527] Finished in 2.598 seconds with exit status 0 (successful).
  INFO Uploading /tmp/git-ssh-app_test_01-production-zhun.sh 100.0%
  INFO [3c20462d] Running /usr/bin/env chmod 700 /tmp/git-ssh-app_test_01-production-zhun.sh as ubuntu@52.15.236.115
  INFO [3c20462d] Finished in 0.300 seconds with exit status 0 (successful).
  INFO [75dab00e] Running /usr/bin/env git ls-remote https://github.com/YuraZhun/app_test_01.git HEAD as ubuntu@52.15.236.115
  INFO [75dab00e] Finished in 0.609 seconds with exit status 0 (successful).
  INFO [35550163] Running /usr/bin/env mkdir -p /home/deploy/applications/myapp/shared /home/deploy/applications/myapp/releases as ubuntu@52.15.236.115
  INFO ---------------------------------------------------------------------------
  INFO START 2017-04-18 02:04:50 +0300 cap production deploy
  INFO ---------------------------------------------------------------------------
  INFO [260469b6] Running /usr/bin/env mkdir -p /tmp as ubuntu@52.15.236.115
  INFO [260469b6] Finished in 1.779 seconds with exit status 0 (successful).
  INFO Uploading /tmp/git-ssh-app_test_01-production-zhun.sh 100.0%
  INFO [60f5c448] Running /usr/bin/env chmod 700 /tmp/git-ssh-app_test_01-production-zhun.sh as ubuntu@52.15.236.115
  INFO [60f5c448] Finished in 0.295 seconds with exit status 0 (successful).
  INFO [69cbbe36] Running /usr/bin/env git ls-remote https://github.com/YuraZhun/app_test_01.git HEAD as ubuntu@52.15.236.115
  INFO [69cbbe36] Finished in 0.509 seconds with exit status 0 (successful).
  INFO [d87f607b] Running /usr/bin/env mkdir -p /home/deploy/applications/myapp/shared /home/deploy/applications/myapp/releases as ubuntu@52.15.236.115
  INFO ---------------------------------------------------------------------------
  INFO START 2017-04-18 02:13:50 +0300 cap production deploy
  INFO ---------------------------------------------------------------------------
  INFO [ee676bd7] Running /usr/bin/env mkdir -p /tmp as ubuntu@52.15.236.115
 DEBUG [ee676bd7] Command: /usr/bin/env mkdir -p /tmp
  INFO [ee676bd7] Finished in 2.585 seconds with exit status 0 (successful).
 DEBUG Uploading /tmp/git-ssh-app_test_01-production-zhun.sh 0.0%
  INFO Uploading /tmp/git-ssh-app_test_01-production-zhun.sh 100.0%
  INFO [4dc24c5c] Running /usr/bin/env chmod 700 /tmp/git-ssh-app_test_01-production-zhun.sh as ubuntu@52.15.236.115
 DEBUG [4dc24c5c] Command: /usr/bin/env chmod 700 /tmp/git-ssh-app_test_01-production-zhun.sh
  INFO [4dc24c5c] Finished in 0.296 seconds with exit status 0 (successful).
  INFO [148abd1a] Running /usr/bin/env git ls-remote https://github.com/YuraZhun/app_test_01.git HEAD as ubuntu@52.15.236.115
 DEBUG [148abd1a] Command: ( export GIT_ASKPASS="/bin/echo" GIT_SSH="/tmp/git-ssh-app_test_01-production-zhun.sh" ; /usr/bin/env git ls-remote https://github.com/YuraZhun/app_test_01.git HEAD )
 DEBUG [148abd1a] 	b7aa6edd99fa937f334ba5f0a37e189b3cd6d363	HEAD
  INFO [148abd1a] Finished in 0.631 seconds with exit status 0 (successful).
  INFO [34f7bd9b] Running /usr/bin/env mkdir -p /home/deploy/applications/myapp/shared /home/deploy/applications/myapp/releases as ubuntu@52.15.236.115
 DEBUG [34f7bd9b] Command: /usr/bin/env mkdir -p /home/deploy/applications/myapp/shared /home/deploy/applications/myapp/releases
 DEBUG [34f7bd9b] 	mkdir: 
 DEBUG [34f7bd9b] 	cannot create directory ‘/home/deploy/applications/myapp/releases’
 DEBUG [34f7bd9b] 	: Permission denied
 DEBUG [34f7bd9b] 	
  INFO ---------------------------------------------------------------------------
  INFO START 2017-04-18 02:18:12 +0300 cap production deploy
  INFO ---------------------------------------------------------------------------
  INFO [fd63dcfa] Running /usr/bin/env mkdir -p /tmp as ubuntu@52.15.236.115
 DEBUG [fd63dcfa] Command: /usr/bin/env mkdir -p /tmp
  INFO [fd63dcfa] Finished in 2.349 seconds with exit status 0 (successful).
 DEBUG Uploading /tmp/git-ssh-app_test_01-production-zhun.sh 0.0%
  INFO Uploading /tmp/git-ssh-app_test_01-production-zhun.sh 100.0%
  INFO [f0be2762] Running /usr/bin/env chmod 700 /tmp/git-ssh-app_test_01-production-zhun.sh as ubuntu@52.15.236.115
 DEBUG [f0be2762] Command: /usr/bin/env chmod 700 /tmp/git-ssh-app_test_01-production-zhun.sh
  INFO [f0be2762] Finished in 0.305 seconds with exit status 0 (successful).
  INFO [317b8b8a] Running /usr/bin/env git ls-remote https://github.com/YuraZhun/app_test_01.git HEAD as ubuntu@52.15.236.115
 DEBUG [317b8b8a] Command: ( export GIT_ASKPASS="/bin/echo" GIT_SSH="/tmp/git-ssh-app_test_01-production-zhun.sh" ; /usr/bin/env git ls-remote https://github.com/YuraZhun/app_test_01.git HEAD )
 DEBUG [317b8b8a] 	b7aa6edd99fa937f334ba5f0a37e189b3cd6d363	HEAD
  INFO [317b8b8a] Finished in 0.614 seconds with exit status 0 (successful).
  INFO [5fc01044] Running /usr/bin/env mkdir -p /home/deploy/applications/myapp/shared /home/deploy/applications/myapp/releases as ubuntu@52.15.236.115
 DEBUG [5fc01044] Command: /usr/bin/env mkdir -p /home/deploy/applications/myapp/shared /home/deploy/applications/myapp/releases
 DEBUG [5fc01044] 	mkdir: 
 DEBUG [5fc01044] 	cannot create directory ‘/home/deploy/applications/myapp/releases’
 DEBUG [5fc01044] 	: Permission denied
 DEBUG [5fc01044] 	
  INFO ---------------------------------------------------------------------------
  INFO START 2017-04-18 02:20:58 +0300 cap production deploy:setup
  INFO ---------------------------------------------------------------------------
  INFO ---------------------------------------------------------------------------
  INFO START 2017-04-18 02:24:13 +0300 cap production deploy
  INFO ---------------------------------------------------------------------------
  INFO [d61524c5] Running /usr/bin/env mkdir -p /tmp as ubuntu@52.15.236.115
 DEBUG [d61524c5] Command: /usr/bin/env mkdir -p /tmp
  INFO [d61524c5] Finished in 2.615 seconds with exit status 0 (successful).
 DEBUG Uploading /tmp/git-ssh-app_test_01-production-zhun.sh 0.0%
  INFO Uploading /tmp/git-ssh-app_test_01-production-zhun.sh 100.0%
  INFO [b3d1fe3d] Running /usr/bin/env chmod 700 /tmp/git-ssh-app_test_01-production-zhun.sh as ubuntu@52.15.236.115
 DEBUG [b3d1fe3d] Command: /usr/bin/env chmod 700 /tmp/git-ssh-app_test_01-production-zhun.sh
  INFO [b3d1fe3d] Finished in 0.292 seconds with exit status 0 (successful).
  INFO [40648f85] Running /usr/bin/env git ls-remote https://github.com/YuraZhun/app_test_01.git HEAD as ubuntu@52.15.236.115
 DEBUG [40648f85] Command: ( export GIT_ASKPASS="/bin/echo" GIT_SSH="/tmp/git-ssh-app_test_01-production-zhun.sh" ; /usr/bin/env git ls-remote https://github.com/YuraZhun/app_test_01.git HEAD )
 DEBUG [40648f85] 	b7aa6edd99fa937f334ba5f0a37e189b3cd6d363	HEAD
  INFO [40648f85] Finished in 0.542 seconds with exit status 0 (successful).
  INFO [cecaaeb6] Running /usr/bin/env mkdir -p /home/deploy/applications/myapp/shared /home/deploy/applications/myapp/releases as ubuntu@52.15.236.115
 DEBUG [cecaaeb6] Command: /usr/bin/env mkdir -p /home/deploy/applications/myapp/shared /home/deploy/applications/myapp/releases
 DEBUG [cecaaeb6] 	mkdir: 
 DEBUG [cecaaeb6] 	cannot create directory ‘/home/deploy/applications/myapp/shared’
 DEBUG [cecaaeb6] 	: Permission denied
 DEBUG [cecaaeb6] 	
 DEBUG [cecaaeb6] 	mkdir: 
 DEBUG [cecaaeb6] 	cannot create directory ‘/home/deploy/applications/myapp/releases’
 DEBUG [cecaaeb6] 	: Permission denied
 DEBUG [cecaaeb6] 	
  INFO ---------------------------------------------------------------------------
  INFO START 2017-04-18 02:27:15 +0300 cap production deploy
  INFO ---------------------------------------------------------------------------
  INFO [6fb99aec] Running /usr/bin/env mkdir -p /tmp as ubuntu@52.15.236.115
 DEBUG [6fb99aec] Command: /usr/bin/env mkdir -p /tmp
  INFO [6fb99aec] Finished in 2.409 seconds with exit status 0 (successful).
 DEBUG Uploading /tmp/git-ssh-app_test_01-production-zhun.sh 0.0%
  INFO Uploading /tmp/git-ssh-app_test_01-production-zhun.sh 100.0%
  INFO [faebb6f8] Running /usr/bin/env chmod 700 /tmp/git-ssh-app_test_01-production-zhun.sh as ubuntu@52.15.236.115
 DEBUG [faebb6f8] Command: /usr/bin/env chmod 700 /tmp/git-ssh-app_test_01-production-zhun.sh
  INFO [faebb6f8] Finished in 0.304 seconds with exit status 0 (successful).
  INFO [ee041f0c] Running /usr/bin/env git ls-remote https://github.com/YuraZhun/app_test_01.git HEAD as ubuntu@52.15.236.115
 DEBUG [ee041f0c] Command: ( export GIT_ASKPASS="/bin/echo" GIT_SSH="/tmp/git-ssh-app_test_01-production-zhun.sh" ; /usr/bin/env git ls-remote https://github.com/YuraZhun/app_test_01.git HEAD )
 DEBUG [ee041f0c] 	b7aa6edd99fa937f334ba5f0a37e189b3cd6d363	HEAD
  INFO [ee041f0c] Finished in 0.588 seconds with exit status 0 (successful).
  INFO [da7d99b1] Running /usr/bin/env mkdir -p /home/deploy/applications/myapp/shared /home/deploy/applications/myapp/releases as ubuntu@52.15.236.115
 DEBUG [da7d99b1] Command: /usr/bin/env mkdir -p /home/deploy/applications/myapp/shared /home/deploy/applications/myapp/releases
 DEBUG [da7d99b1] 	mkdir: 
 DEBUG [da7d99b1] 	cannot create directory ‘/home/deploy/applications/myapp/shared’
 DEBUG [da7d99b1] 	: Permission denied
 DEBUG [da7d99b1] 	
 DEBUG [da7d99b1] 	mkdir: 
 DEBUG [da7d99b1] 	cannot create directory ‘/home/deploy/applications/myapp/releases’
 DEBUG [da7d99b1] 	: Permission denied
 DEBUG [da7d99b1] 	
  INFO ---------------------------------------------------------------------------
  INFO START 2017-04-18 02:30:33 +0300 cap production deploy
  INFO ---------------------------------------------------------------------------
  INFO [15d5b0ef] Running /usr/bin/env mkdir -p /tmp as ubuntu@52.15.236.115
 DEBUG [15d5b0ef] Command: /usr/bin/env mkdir -p /tmp
  INFO [15d5b0ef] Finished in 2.499 seconds with exit status 0 (successful).
 DEBUG Uploading /tmp/git-ssh-app_test_01-production-zhun.sh 0.0%
  INFO Uploading /tmp/git-ssh-app_test_01-production-zhun.sh 100.0%
  INFO [8092d2c5] Running /usr/bin/env chmod 700 /tmp/git-ssh-app_test_01-production-zhun.sh as ubuntu@52.15.236.115
 DEBUG [8092d2c5] Command: /usr/bin/env chmod 700 /tmp/git-ssh-app_test_01-production-zhun.sh
  INFO [8092d2c5] Finished in 0.293 seconds with exit status 0 (successful).
  INFO [1febdea6] Running /usr/bin/env git ls-remote https://github.com/YuraZhun/app_test_01.git HEAD as ubuntu@52.15.236.115
 DEBUG [1febdea6] Command: ( export GIT_ASKPASS="/bin/echo" GIT_SSH="/tmp/git-ssh-app_test_01-production-zhun.sh" ; /usr/bin/env git ls-remote https://github.com/YuraZhun/app_test_01.git HEAD )
 DEBUG [1febdea6] 	b7aa6edd99fa937f334ba5f0a37e189b3cd6d363	HEAD
  INFO [1febdea6] Finished in 0.539 seconds with exit status 0 (successful).
  INFO [5ca30d51] Running /usr/bin/env mkdir -p /home/deploy/applications/myapp/shared /home/deploy/applications/myapp/releases as ubuntu@52.15.236.115
 DEBUG [5ca30d51] Command: /usr/bin/env mkdir -p /home/deploy/applications/myapp/shared /home/deploy/applications/myapp/releases
 DEBUG [5ca30d51] 	mkdir: 
 DEBUG [5ca30d51] 	cannot create directory ‘/home/deploy/applications/myapp/shared’
 DEBUG [5ca30d51] 	: Permission denied
 DEBUG [5ca30d51] 	
 DEBUG [5ca30d51] 	mkdir: 
 DEBUG [5ca30d51] 	cannot create directory ‘/home/deploy/applications/myapp/releases’
 DEBUG [5ca30d51] 	: Permission denied
 DEBUG [5ca30d51] 	
  INFO ---------------------------------------------------------------------------
  INFO START 2017-04-18 02:33:30 +0300 cap production deploy
  INFO ---------------------------------------------------------------------------
  INFO [dc945326] Running /usr/bin/env mkdir -p /tmp as ubuntu@52.15.236.115
 DEBUG [dc945326] Command: /usr/bin/env mkdir -p /tmp
  INFO [dc945326] Finished in 1.791 seconds with exit status 0 (successful).
 DEBUG Uploading /tmp/git-ssh-app_test_01-production-zhun.sh 0.0%
  INFO Uploading /tmp/git-ssh-app_test_01-production-zhun.sh 100.0%
  INFO [287b49dd] Running /usr/bin/env chmod 700 /tmp/git-ssh-app_test_01-production-zhun.sh as ubuntu@52.15.236.115
 DEBUG [287b49dd] Command: /usr/bin/env chmod 700 /tmp/git-ssh-app_test_01-production-zhun.sh
  INFO [287b49dd] Finished in 0.296 seconds with exit status 0 (successful).
  INFO [0bb5c6be] Running /usr/bin/env git ls-remote https://github.com/YuraZhun/app_test_01.git HEAD as ubuntu@52.15.236.115
 DEBUG [0bb5c6be] Command: ( export GIT_ASKPASS="/bin/echo" GIT_SSH="/tmp/git-ssh-app_test_01-production-zhun.sh" ; /usr/bin/env git ls-remote https://github.com/YuraZhun/app_test_01.git HEAD )
 DEBUG [0bb5c6be] 	b7aa6edd99fa937f334ba5f0a37e189b3cd6d363	HEAD
  INFO [0bb5c6be] Finished in 2.060 seconds with exit status 0 (successful).
  INFO [200b2d6c] Running /usr/bin/env mkdir -p /home/deploy/applications/myapp/shared /home/deploy/applications/myapp/releases as ubuntu@52.15.236.115
 DEBUG [200b2d6c] Command: /usr/bin/env mkdir -p /home/deploy/applications/myapp/shared /home/deploy/applications/myapp/releases
 DEBUG [200b2d6c] 	mkdir: cannot create directory ‘/home/deploy/applications/myapp/shared’: Permission denied
mkdir: cannot create directory ‘/home/deploy/applications/myapp/releases’: Permission denied
  INFO ---------------------------------------------------------------------------
  INFO START 2017-04-18 03:06:57 +0300 cap production deploy
  INFO ---------------------------------------------------------------------------
  INFO [c466a358] Running /usr/bin/env mkdir -p /tmp as ubuntu@52.15.236.115
 DEBUG [c466a358] Command: /usr/bin/env mkdir -p /tmp
  INFO [c466a358] Finished in 2.367 seconds with exit status 0 (successful).
 DEBUG Uploading /tmp/git-ssh-app_test_01-production-zhun.sh 0.0%
  INFO Uploading /tmp/git-ssh-app_test_01-production-zhun.sh 100.0%
  INFO [a7b2764d] Running /usr/bin/env chmod 700 /tmp/git-ssh-app_test_01-production-zhun.sh as ubuntu@52.15.236.115
 DEBUG [a7b2764d] Command: /usr/bin/env chmod 700 /tmp/git-ssh-app_test_01-production-zhun.sh
  INFO [a7b2764d] Finished in 0.300 seconds with exit status 0 (successful).
  INFO [8e87d916] Running /usr/bin/env git ls-remote https://github.com/YuraZhun/app_test_01.git HEAD as ubuntu@52.15.236.115
 DEBUG [8e87d916] Command: ( export GIT_ASKPASS="/bin/echo" GIT_SSH="/tmp/git-ssh-app_test_01-production-zhun.sh" ; /usr/bin/env git ls-remote https://github.com/YuraZhun/app_test_01.git HEAD )
 DEBUG [8e87d916] 	b7aa6edd99fa937f334ba5f0a37e189b3cd6d363
 DEBUG [8e87d916] 		
 DEBUG [8e87d916] 	HEAD
 DEBUG [8e87d916] 	
  INFO [8e87d916] Finished in 0.608 seconds with exit status 0 (successful).
  INFO [cfb69017] Running /usr/bin/env mkdir -p /home/deploy/applications/myapp/shared /home/deploy/applications/myapp/releases as ubuntu@52.15.236.115
 DEBUG [cfb69017] Command: /usr/bin/env mkdir -p /home/deploy/applications/myapp/shared /home/deploy/applications/myapp/releases
 DEBUG [cfb69017] 	mkdir: 
 DEBUG [cfb69017] 	cannot create directory ‘/home/deploy/applications/myapp/shared’
 DEBUG [cfb69017] 	: Permission denied
 DEBUG [cfb69017] 	
 DEBUG [cfb69017] 	mkdir: 
 DEBUG [cfb69017] 	cannot create directory ‘/home/deploy/applications/myapp/releases’
 DEBUG [cfb69017] 	: Permission denied
 DEBUG [cfb69017] 	
  INFO ---------------------------------------------------------------------------
  INFO START 2017-04-18 03:07:25 +0300 cap production deploy
  INFO ---------------------------------------------------------------------------
  INFO [cf92ba48] Running /usr/bin/env mkdir -p /tmp as ubuntu@52.15.236.115
 DEBUG [cf92ba48] Command: /usr/bin/env mkdir -p /tmp
  INFO [cf92ba48] Finished in 1.786 seconds with exit status 0 (successful).
 DEBUG Uploading /tmp/git-ssh-app_test_01-production-zhun.sh 0.0%
  INFO Uploading /tmp/git-ssh-app_test_01-production-zhun.sh 100.0%
  INFO [9f2a4f52] Running /usr/bin/env chmod 700 /tmp/git-ssh-app_test_01-production-zhun.sh as ubuntu@52.15.236.115
 DEBUG [9f2a4f52] Command: /usr/bin/env chmod 700 /tmp/git-ssh-app_test_01-production-zhun.sh
  INFO [9f2a4f52] Finished in 0.296 seconds with exit status 0 (successful).
  INFO [dfdb6958] Running /usr/bin/env git ls-remote https://github.com/YuraZhun/app_test_01.git HEAD as ubuntu@52.15.236.115
 DEBUG [dfdb6958] Command: ( export GIT_ASKPASS="/bin/echo" GIT_SSH="/tmp/git-ssh-app_test_01-production-zhun.sh" ; /usr/bin/env git ls-remote https://github.com/YuraZhun/app_test_01.git HEAD )
 DEBUG [dfdb6958] 	b7aa6edd99fa937f334ba5f0a37e189b3cd6d363
 DEBUG [dfdb6958] 		
 DEBUG [dfdb6958] 	HEAD
 DEBUG [dfdb6958] 	
  INFO [dfdb6958] Finished in 0.547 seconds with exit status 0 (successful).
  INFO [d67b9c94] Running /usr/bin/env mkdir -p /home/deploy/applications/myapp/shared /home/deploy/applications/myapp/releases as ubuntu@52.15.236.115
 DEBUG [d67b9c94] Command: /usr/bin/env mkdir -p /home/deploy/applications/myapp/shared /home/deploy/applications/myapp/releases
 DEBUG [d67b9c94] 	mkdir: 
 DEBUG [d67b9c94] 	cannot create directory ‘/home/deploy/applications/myapp/shared’
 DEBUG [d67b9c94] 	: Permission denied
 DEBUG [d67b9c94] 	
 DEBUG [d67b9c94] 	mkdir: 
 DEBUG [d67b9c94] 	cannot create directory ‘/home/deploy/applications/myapp/releases’
 DEBUG [d67b9c94] 	: Permission denied
 DEBUG [d67b9c94] 	
  INFO ---------------------------------------------------------------------------
  INFO START 2017-04-18 03:08:42 +0300 cap production deploy
  INFO ---------------------------------------------------------------------------
  INFO [40a91587] Running /usr/bin/env mkdir -p /tmp as ubuntu@52.15.236.115
 DEBUG [40a91587] Command: /usr/bin/env mkdir -p /tmp
  INFO [40a91587] Finished in 1.795 seconds with exit status 0 (successful).
 DEBUG Uploading /tmp/git-ssh-app_test_01-production-zhun.sh 0.0%
  INFO Uploading /tmp/git-ssh-app_test_01-production-zhun.sh 100.0%
  INFO [170e066c] Running /usr/bin/env chmod 700 /tmp/git-ssh-app_test_01-production-zhun.sh as ubuntu@52.15.236.115
 DEBUG [170e066c] Command: /usr/bin/env chmod 700 /tmp/git-ssh-app_test_01-production-zhun.sh
  INFO [170e066c] Finished in 0.297 seconds with exit status 0 (successful).
  INFO [0db9c356] Running /usr/bin/env git ls-remote https://github.com/YuraZhun/app_test_01.git HEAD as ubuntu@52.15.236.115
 DEBUG [0db9c356] Command: ( export GIT_ASKPASS="/bin/echo" GIT_SSH="/tmp/git-ssh-app_test_01-production-zhun.sh" ; /usr/bin/env git ls-remote https://github.com/YuraZhun/app_test_01.git HEAD )
 DEBUG [0db9c356] 	b7aa6edd99fa937f334ba5f0a37e189b3cd6d363
 DEBUG [0db9c356] 		
 DEBUG [0db9c356] 	HEAD
 DEBUG [0db9c356] 	
  INFO [0db9c356] Finished in 0.606 seconds with exit status 0 (successful).
  INFO [9f6e2644] Running /usr/bin/env mkdir -p /home/deploy/applications/myapp/shared /home/deploy/applications/myapp/releases as ubuntu@52.15.236.115
 DEBUG [9f6e2644] Command: /usr/bin/env mkdir -p /home/deploy/applications/myapp/shared /home/deploy/applications/myapp/releases
 DEBUG [9f6e2644] 	mkdir: 
 DEBUG [9f6e2644] 	cannot create directory ‘/home/deploy/applications/myapp/shared’
 DEBUG [9f6e2644] 	: Permission denied
 DEBUG [9f6e2644] 	
 DEBUG [9f6e2644] 	mkdir: 
 DEBUG [9f6e2644] 	cannot create directory ‘/home/deploy/applications/myapp/releases’
 DEBUG [9f6e2644] 	: Permission denied
 DEBUG [9f6e2644] 	
  INFO ---------------------------------------------------------------------------
  INFO START 2017-04-18 03:09:35 +0300 cap production deploy
  INFO ---------------------------------------------------------------------------
  INFO [281a9ac3] Running /usr/bin/env mkdir -p /tmp as ubuntu@52.15.236.115
 DEBUG [281a9ac3] Command: /usr/bin/env mkdir -p /tmp
  INFO [281a9ac3] Finished in 1.763 seconds with exit status 0 (successful).
 DEBUG Uploading /tmp/git-ssh-app_test_01-production-zhun.sh 0.0%
  INFO Uploading /tmp/git-ssh-app_test_01-production-zhun.sh 100.0%
  INFO [31aa825f] Running /usr/bin/env chmod 700 /tmp/git-ssh-app_test_01-production-zhun.sh as ubuntu@52.15.236.115
 DEBUG [31aa825f] Command: /usr/bin/env chmod 700 /tmp/git-ssh-app_test_01-production-zhun.sh
  INFO [31aa825f] Finished in 0.298 seconds with exit status 0 (successful).
  INFO [f1cde164] Running /usr/bin/env git ls-remote https://github.com/YuraZhun/app_test_01.git HEAD as ubuntu@52.15.236.115
 DEBUG [f1cde164] Command: ( export GIT_ASKPASS="/bin/echo" GIT_SSH="/tmp/git-ssh-app_test_01-production-zhun.sh" ; /usr/bin/env git ls-remote https://github.com/YuraZhun/app_test_01.git HEAD )
 DEBUG [f1cde164] 	b7aa6edd99fa937f334ba5f0a37e189b3cd6d363
 DEBUG [f1cde164] 		
 DEBUG [f1cde164] 	HEAD
 DEBUG [f1cde164] 	
  INFO [f1cde164] Finished in 0.517 seconds with exit status 0 (successful).
  INFO [c1ed7112] Running /usr/bin/env mkdir -p /home/deploy/applications/myapp/shared /home/deploy/applications/myapp/releases as ubuntu@52.15.236.115
 DEBUG [c1ed7112] Command: /usr/bin/env mkdir -p /home/deploy/applications/myapp/shared /home/deploy/applications/myapp/releases
 DEBUG [c1ed7112] 	mkdir: 
 DEBUG [c1ed7112] 	cannot create directory ‘/home/deploy/applications/myapp/shared’
 DEBUG [c1ed7112] 	: Permission denied
 DEBUG [c1ed7112] 	
 DEBUG [c1ed7112] 	mkdir: 
 DEBUG [c1ed7112] 	cannot create directory ‘/home/deploy/applications/myapp/releases’
 DEBUG [c1ed7112] 	: Permission denied
 DEBUG [c1ed7112] 	
  INFO ---------------------------------------------------------------------------
  INFO START 2017-04-18 03:16:32 +0300 cap production deploy:initial
  INFO ---------------------------------------------------------------------------
  INFO ---------------------------------------------------------------------------
  INFO START 2017-04-18 03:16:44 +0300 cap production deploy
  INFO ---------------------------------------------------------------------------
  INFO [adcaa23e] Running /usr/bin/env mkdir -p /tmp as ubuntu@52.15.236.115
 DEBUG [adcaa23e] Command: /usr/bin/env mkdir -p /tmp
  INFO [adcaa23e] Finished in 2.381 seconds with exit status 0 (successful).
 DEBUG Uploading /tmp/git-ssh-app_test_01-production-zhun.sh 0.0%
  INFO Uploading /tmp/git-ssh-app_test_01-production-zhun.sh 100.0%
  INFO [4b829aa8] Running /usr/bin/env chmod 700 /tmp/git-ssh-app_test_01-production-zhun.sh as ubuntu@52.15.236.115
 DEBUG [4b829aa8] Command: /usr/bin/env chmod 700 /tmp/git-ssh-app_test_01-production-zhun.sh
  INFO [4b829aa8] Finished in 0.294 seconds with exit status 0 (successful).
  INFO [52083843] Running /usr/bin/env git ls-remote https://github.com/YuraZhun/app_test_01.git HEAD as ubuntu@52.15.236.115
 DEBUG [52083843] Command: ( export GIT_ASKPASS="/bin/echo" GIT_SSH="/tmp/git-ssh-app_test_01-production-zhun.sh" ; /usr/bin/env git ls-remote https://github.com/YuraZhun/app_test_01.git HEAD )
 DEBUG [52083843] 	b7aa6edd99fa937f334ba5f0a37e189b3cd6d363
 DEBUG [52083843] 		
 DEBUG [52083843] 	HEAD
 DEBUG [52083843] 	
  INFO [52083843] Finished in 0.639 seconds with exit status 0 (successful).
  INFO [f7f822c8] Running /usr/bin/env mkdir -p /home/deploy/applications/myapp/shared /home/deploy/applications/myapp/releases as ubuntu@52.15.236.115
 DEBUG [f7f822c8] Command: /usr/bin/env mkdir -p /home/deploy/applications/myapp/shared /home/deploy/applications/myapp/releases
 DEBUG [f7f822c8] 	mkdir: 
 DEBUG [f7f822c8] 	cannot create directory ‘/home/deploy/applications/myapp/shared’
 DEBUG [f7f822c8] 	: Permission denied
 DEBUG [f7f822c8] 	
 DEBUG [f7f822c8] 	mkdir: 
 DEBUG [f7f822c8] 	cannot create directory ‘/home/deploy/applications/myapp/releases’
 DEBUG [f7f822c8] 	: Permission denied
 DEBUG [f7f822c8] 	
  INFO ---------------------------------------------------------------------------
  INFO START 2017-04-19 15:52:54 +0300 cap production deploy
  INFO ---------------------------------------------------------------------------
  INFO [0bf3e805] Running /usr/bin/env mkdir -p /tmp as ubuntu@52.14.173.77
 DEBUG [0bf3e805] Command: /usr/bin/env mkdir -p /tmp
  INFO [0bf3e805] Finished in 2.769 seconds with exit status 0 (successful).
 DEBUG Uploading /tmp/git-ssh-myapp-production-zhun.sh 0.0%
  INFO Uploading /tmp/git-ssh-myapp-production-zhun.sh 100.0%
  INFO [c320359d] Running /usr/bin/env chmod 700 /tmp/git-ssh-myapp-production-zhun.sh as ubuntu@52.14.173.77
 DEBUG [c320359d] Command: /usr/bin/env chmod 700 /tmp/git-ssh-myapp-production-zhun.sh
  INFO [c320359d] Finished in 0.299 seconds with exit status 0 (successful).
  INFO [5f5bdf15] Running /usr/bin/env git ls-remote https://github.com/YuraZhun/myapp.git HEAD as ubuntu@52.14.173.77
 DEBUG [5f5bdf15] Command: ( export GIT_ASKPASS="/bin/echo" GIT_SSH="/tmp/git-ssh-myapp-production-zhun.sh" ; /usr/bin/env git ls-remote https://github.com/YuraZhun/myapp.git HEAD )
 DEBUG [5f5bdf15] 	671c693b964e8ca1339780078e9d6a27cc140563
 DEBUG [5f5bdf15] 		
 DEBUG [5f5bdf15] 	HEAD
 DEBUG [5f5bdf15] 	
  INFO [5f5bdf15] Finished in 0.536 seconds with exit status 0 (successful).
  INFO [01869958] Running /usr/bin/env mkdir -p /home/ubuntu/applications/myapp/shared /home/ubuntu/applications/myapp/releases as ubuntu@52.14.173.77
 DEBUG [01869958] Command: /usr/bin/env mkdir -p /home/ubuntu/applications/myapp/shared /home/ubuntu/applications/myapp/releases
  INFO [01869958] Finished in 0.297 seconds with exit status 0 (successful).
  INFO [ba27d87b] Running /usr/bin/env mkdir -p /home/ubuntu/applications/myapp/shared/bin /home/ubuntu/applications/myapp/shared/log /home/ubuntu/applications/myapp/shared/tmp/pids /home/ubuntu/applications/myapp/shared/tmp/cache /home/ubuntu/applications/myapp/shared/tmp/sockets /home/ubuntu/applications/myapp/shared/vendor/bundle /home/ubuntu/applications/myapp/shared/public/uploads as ubuntu@52.14.173.77
 DEBUG [ba27d87b] Command: /usr/bin/env mkdir -p /home/ubuntu/applications/myapp/shared/bin /home/ubuntu/applications/myapp/shared/log /home/ubuntu/applications/myapp/shared/tmp/pids /home/ubuntu/applications/myapp/shared/tmp/cache /home/ubuntu/applications/myapp/shared/tmp/sockets /home/ubuntu/applications/myapp/shared/vendor/bundle /home/ubuntu/applications/myapp/shared/public/uploads
  INFO [ba27d87b] Finished in 0.297 seconds with exit status 0 (successful).
  INFO [940a827c] Running /usr/bin/env mkdir -p /home/ubuntu/applications/myapp/shared/config as ubuntu@52.14.173.77
 DEBUG [940a827c] Command: /usr/bin/env mkdir -p /home/ubuntu/applications/myapp/shared/config
  INFO [940a827c] Finished in 0.299 seconds with exit status 0 (successful).
 DEBUG [8d457a12] Running [ -f /home/ubuntu/applications/myapp/shared/config/database.yml ] as ubuntu@52.14.173.77
 DEBUG [8d457a12] Command: [ -f /home/ubuntu/applications/myapp/shared/config/database.yml ]
 DEBUG [8d457a12] Finished in 0.297 seconds with exit status 1 (failed).
 ERROR linked file /home/ubuntu/applications/myapp/shared/config/database.yml does not exist on 52.14.173.77
  INFO ---------------------------------------------------------------------------
  INFO START 2017-04-19 15:55:28 +0300 cap production deploy
  INFO ---------------------------------------------------------------------------
  INFO [ea842c87] Running /usr/bin/env mkdir -p /tmp as ubuntu@52.14.173.77
 DEBUG [ea842c87] Command: /usr/bin/env mkdir -p /tmp
  INFO [ea842c87] Finished in 1.787 seconds with exit status 0 (successful).
 DEBUG Uploading /tmp/git-ssh-myapp-production-zhun.sh 0.0%
  INFO Uploading /tmp/git-ssh-myapp-production-zhun.sh 100.0%
  INFO [a32caf55] Running /usr/bin/env chmod 700 /tmp/git-ssh-myapp-production-zhun.sh as ubuntu@52.14.173.77
 DEBUG [a32caf55] Command: /usr/bin/env chmod 700 /tmp/git-ssh-myapp-production-zhun.sh
  INFO [a32caf55] Finished in 0.301 seconds with exit status 0 (successful).
  INFO [5f1cb199] Running /usr/bin/env git ls-remote https://github.com/YuraZhun/myapp.git HEAD as ubuntu@52.14.173.77
 DEBUG [5f1cb199] Command: ( export GIT_ASKPASS="/bin/echo" GIT_SSH="/tmp/git-ssh-myapp-production-zhun.sh" ; /usr/bin/env git ls-remote https://github.com/YuraZhun/myapp.git HEAD )
 DEBUG [5f1cb199] 	671c693b964e8ca1339780078e9d6a27cc140563
 DEBUG [5f1cb199] 		
 DEBUG [5f1cb199] 	HEAD
 DEBUG [5f1cb199] 	
  INFO [5f1cb199] Finished in 0.534 seconds with exit status 0 (successful).
  INFO [6188b152] Running /usr/bin/env mkdir -p /home/ubuntu/applications/myapp/shared /home/ubuntu/applications/myapp/releases as ubuntu@52.14.173.77
 DEBUG [6188b152] Command: /usr/bin/env mkdir -p /home/ubuntu/applications/myapp/shared /home/ubuntu/applications/myapp/releases
  INFO [6188b152] Finished in 0.297 seconds with exit status 0 (successful).
  INFO [ae70892e] Running /usr/bin/env mkdir -p /home/ubuntu/applications/myapp/shared/bin /home/ubuntu/applications/myapp/shared/log /home/ubuntu/applications/myapp/shared/tmp/pids /home/ubuntu/applications/myapp/shared/tmp/cache /home/ubuntu/applications/myapp/shared/tmp/sockets /home/ubuntu/applications/myapp/shared/vendor/bundle /home/ubuntu/applications/myapp/shared/public/uploads as ubuntu@52.14.173.77
 DEBUG [ae70892e] Command: /usr/bin/env mkdir -p /home/ubuntu/applications/myapp/shared/bin /home/ubuntu/applications/myapp/shared/log /home/ubuntu/applications/myapp/shared/tmp/pids /home/ubuntu/applications/myapp/shared/tmp/cache /home/ubuntu/applications/myapp/shared/tmp/sockets /home/ubuntu/applications/myapp/shared/vendor/bundle /home/ubuntu/applications/myapp/shared/public/uploads
  INFO [ae70892e] Finished in 0.304 seconds with exit status 0 (successful).
  INFO [109ff1a5] Running /usr/bin/env mkdir -p /home/ubuntu/applications/myapp/shared/config as ubuntu@52.14.173.77
 DEBUG [109ff1a5] Command: /usr/bin/env mkdir -p /home/ubuntu/applications/myapp/shared/config
  INFO [109ff1a5] Finished in 0.298 seconds with exit status 0 (successful).
 DEBUG [a76279f7] Running [ -f /home/ubuntu/applications/myapp/shared/config/database.yml ] as ubuntu@52.14.173.77
 DEBUG [a76279f7] Command: [ -f /home/ubuntu/applications/myapp/shared/config/database.yml ]
 DEBUG [a76279f7] Finished in 0.296 seconds with exit status 1 (failed).
 ERROR linked file /home/ubuntu/applications/myapp/shared/config/database.yml does not exist on 52.14.173.77
  INFO ---------------------------------------------------------------------------
  INFO START 2017-04-19 16:11:55 +0300 cap production deploy
  INFO ---------------------------------------------------------------------------
  INFO [3327779a] Running /usr/bin/env mkdir -p /tmp as ubuntu@52.14.173.77
 DEBUG [3327779a] Command: /usr/bin/env mkdir -p /tmp
  INFO [3327779a] Finished in 2.958 seconds with exit status 0 (successful).
 DEBUG Uploading /tmp/git-ssh-myapp-production-zhun.sh 0.0%
  INFO Uploading /tmp/git-ssh-myapp-production-zhun.sh 100.0%
  INFO [74e08d6b] Running /usr/bin/env chmod 700 /tmp/git-ssh-myapp-production-zhun.sh as ubuntu@52.14.173.77
 DEBUG [74e08d6b] Command: /usr/bin/env chmod 700 /tmp/git-ssh-myapp-production-zhun.sh
  INFO [74e08d6b] Finished in 0.306 seconds with exit status 0 (successful).
  INFO [50fb2ea6] Running /usr/bin/env git ls-remote https://github.com/YuraZhun/myapp.git HEAD as ubuntu@52.14.173.77
 DEBUG [50fb2ea6] Command: ( export GIT_ASKPASS="/bin/echo" GIT_SSH="/tmp/git-ssh-myapp-production-zhun.sh" ; /usr/bin/env git ls-remote https://github.com/YuraZhun/myapp.git HEAD )
 DEBUG [50fb2ea6] 	671c693b964e8ca1339780078e9d6a27cc140563
 DEBUG [50fb2ea6] 		
 DEBUG [50fb2ea6] 	HEAD
 DEBUG [50fb2ea6] 	
  INFO [50fb2ea6] Finished in 0.650 seconds with exit status 0 (successful).
  INFO [e4d451a3] Running /usr/bin/env mkdir -p /home/ubuntu/applications/myapp/shared /home/ubuntu/applications/myapp/releases as ubuntu@52.14.173.77
 DEBUG [e4d451a3] Command: /usr/bin/env mkdir -p /home/ubuntu/applications/myapp/shared /home/ubuntu/applications/myapp/releases
  INFO [e4d451a3] Finished in 0.300 seconds with exit status 0 (successful).
  INFO [115ec23d] Running /usr/bin/env mkdir -p /home/ubuntu/applications/myapp/shared/log /home/ubuntu/applications/myapp/shared/tmp/pids /home/ubuntu/applications/myapp/shared/tmp/cache /home/ubuntu/applications/myapp/shared/tmp/sockets /home/ubuntu/applications/myapp/shared/public/system as ubuntu@52.14.173.77
 DEBUG [115ec23d] Command: /usr/bin/env mkdir -p /home/ubuntu/applications/myapp/shared/log /home/ubuntu/applications/myapp/shared/tmp/pids /home/ubuntu/applications/myapp/shared/tmp/cache /home/ubuntu/applications/myapp/shared/tmp/sockets /home/ubuntu/applications/myapp/shared/public/system
  INFO [115ec23d] Finished in 0.298 seconds with exit status 0 (successful).
  INFO [dd63f473] Running /usr/bin/env mkdir -p /home/ubuntu/applications/myapp/shared/config as ubuntu@52.14.173.77
 DEBUG [dd63f473] Command: /usr/bin/env mkdir -p /home/ubuntu/applications/myapp/shared/config
  INFO [dd63f473] Finished in 0.297 seconds with exit status 0 (successful).
 DEBUG [86568955] Running [ -f /home/ubuntu/applications/myapp/shared/config/database.yml ] as ubuntu@52.14.173.77
 DEBUG [86568955] Command: [ -f /home/ubuntu/applications/myapp/shared/config/database.yml ]
 DEBUG [86568955] Finished in 0.299 seconds with exit status 1 (failed).
 ERROR linked file /home/ubuntu/applications/myapp/shared/config/database.yml does not exist on 52.14.173.77
  INFO ---------------------------------------------------------------------------
  INFO START 2017-04-19 16:27:48 +0300 cap production deploy
  INFO ---------------------------------------------------------------------------
  INFO [332fe571] Running /usr/bin/env mkdir -p /tmp as ubuntu@52.14.173.77
 DEBUG [332fe571] Command: /usr/bin/env mkdir -p /tmp
  INFO [332fe571] Finished in 2.049 seconds with exit status 0 (successful).
 DEBUG Uploading /tmp/git-ssh-myapp-production-zhun.sh 0.0%
  INFO Uploading /tmp/git-ssh-myapp-production-zhun.sh 100.0%
  INFO [9a99a979] Running /usr/bin/env chmod 700 /tmp/git-ssh-myapp-production-zhun.sh as ubuntu@52.14.173.77
 DEBUG [9a99a979] Command: /usr/bin/env chmod 700 /tmp/git-ssh-myapp-production-zhun.sh
  INFO [9a99a979] Finished in 0.299 seconds with exit status 0 (successful).
  INFO [4fce7dac] Running /usr/bin/env git ls-remote https://github.com/YuraZhun/myapp.git HEAD as ubuntu@52.14.173.77
 DEBUG [4fce7dac] Command: ( export GIT_ASKPASS="/bin/echo" GIT_SSH="/tmp/git-ssh-myapp-production-zhun.sh" ; /usr/bin/env git ls-remote https://github.com/YuraZhun/myapp.git HEAD )
 DEBUG [4fce7dac] 	671c693b964e8ca1339780078e9d6a27cc140563
 DEBUG [4fce7dac] 		
 DEBUG [4fce7dac] 	HEAD
 DEBUG [4fce7dac] 	
  INFO [4fce7dac] Finished in 0.524 seconds with exit status 0 (successful).
  INFO [34887daf] Running /usr/bin/env mkdir -p /home/ubuntu/applications/myapp/shared /home/ubuntu/applications/myapp/releases as ubuntu@52.14.173.77
 DEBUG [34887daf] Command: /usr/bin/env mkdir -p /home/ubuntu/applications/myapp/shared /home/ubuntu/applications/myapp/releases
  INFO [34887daf] Finished in 0.303 seconds with exit status 0 (successful).
  INFO [e116d38b] Running /usr/bin/env mkdir -p /home/ubuntu/applications/myapp/shared/bin /home/ubuntu/applications/myapp/shared/log /home/ubuntu/applications/myapp/shared/tmp/pids /home/ubuntu/applications/myapp/shared/tmp/cache /home/ubuntu/applications/myapp/shared/tmp/sockets /home/ubuntu/applications/myapp/shared/vendor/bundle /home/ubuntu/applications/myapp/shared/public/uploads as ubuntu@52.14.173.77
 DEBUG [e116d38b] Command: /usr/bin/env mkdir -p /home/ubuntu/applications/myapp/shared/bin /home/ubuntu/applications/myapp/shared/log /home/ubuntu/applications/myapp/shared/tmp/pids /home/ubuntu/applications/myapp/shared/tmp/cache /home/ubuntu/applications/myapp/shared/tmp/sockets /home/ubuntu/applications/myapp/shared/vendor/bundle /home/ubuntu/applications/myapp/shared/public/uploads
  INFO [e116d38b] Finished in 0.306 seconds with exit status 0 (successful).
  INFO [eef414ae] Running /usr/bin/env mkdir -p /home/ubuntu/applications/myapp/shared/config as ubuntu@52.14.173.77
 DEBUG [eef414ae] Command: /usr/bin/env mkdir -p /home/ubuntu/applications/myapp/shared/config
  INFO [eef414ae] Finished in 0.299 seconds with exit status 0 (successful).
 DEBUG [62c37d72] Running [ -f /home/ubuntu/applications/myapp/shared/config/database.yml ] as ubuntu@52.14.173.77
 DEBUG [62c37d72] Command: [ -f /home/ubuntu/applications/myapp/shared/config/database.yml ]
 DEBUG [62c37d72] Finished in 0.300 seconds with exit status 0 (successful).
 DEBUG [77aa7823] Running [ -f /home/ubuntu/applications/myapp/shared/config/settings.yml ] as ubuntu@52.14.173.77
 DEBUG [77aa7823] Command: [ -f /home/ubuntu/applications/myapp/shared/config/settings.yml ]
 DEBUG [77aa7823] Finished in 0.305 seconds with exit status 1 (failed).
 ERROR linked file /home/ubuntu/applications/myapp/shared/config/settings.yml does not exist on 52.14.173.77
  INFO ---------------------------------------------------------------------------
  INFO START 2017-04-19 16:35:06 +0300 cap production deploy
  INFO ---------------------------------------------------------------------------
  INFO [43c2ead5] Running /usr/bin/env mkdir -p /tmp as ubuntu@52.14.173.77
 DEBUG [43c2ead5] Command: /usr/bin/env mkdir -p /tmp
  INFO [43c2ead5] Finished in 2.557 seconds with exit status 0 (successful).
 DEBUG Uploading /tmp/git-ssh-myapp-production-zhun.sh 0.0%
  INFO Uploading /tmp/git-ssh-myapp-production-zhun.sh 100.0%
  INFO [a3e505ab] Running /usr/bin/env chmod 700 /tmp/git-ssh-myapp-production-zhun.sh as ubuntu@52.14.173.77
 DEBUG [a3e505ab] Command: /usr/bin/env chmod 700 /tmp/git-ssh-myapp-production-zhun.sh
  INFO [a3e505ab] Finished in 0.301 seconds with exit status 0 (successful).
  INFO [111b491e] Running /usr/bin/env git ls-remote https://github.com/YuraZhun/myapp.git HEAD as ubuntu@52.14.173.77
 DEBUG [111b491e] Command: ( export GIT_ASKPASS="/bin/echo" GIT_SSH="/tmp/git-ssh-myapp-production-zhun.sh" ; /usr/bin/env git ls-remote https://github.com/YuraZhun/myapp.git HEAD )
 DEBUG [111b491e] 	671c693b964e8ca1339780078e9d6a27cc140563
 DEBUG [111b491e] 		
 DEBUG [111b491e] 	HEAD
 DEBUG [111b491e] 	
  INFO [111b491e] Finished in 0.538 seconds with exit status 0 (successful).
  INFO [977b3bd1] Running /usr/bin/env mkdir -p /home/ubuntu/applications/myapp/shared /home/ubuntu/applications/myapp/releases as ubuntu@52.14.173.77
 DEBUG [977b3bd1] Command: /usr/bin/env mkdir -p /home/ubuntu/applications/myapp/shared /home/ubuntu/applications/myapp/releases
  INFO [977b3bd1] Finished in 0.309 seconds with exit status 0 (successful).
  INFO [36c4f5b4] Running /usr/bin/env mkdir -p /home/ubuntu/applications/myapp/shared/bin /home/ubuntu/applications/myapp/shared/log /home/ubuntu/applications/myapp/shared/tmp/pids /home/ubuntu/applications/myapp/shared/tmp/cache /home/ubuntu/applications/myapp/shared/tmp/sockets /home/ubuntu/applications/myapp/shared/vendor/bundle /home/ubuntu/applications/myapp/shared/public/uploads as ubuntu@52.14.173.77
 DEBUG [36c4f5b4] Command: /usr/bin/env mkdir -p /home/ubuntu/applications/myapp/shared/bin /home/ubuntu/applications/myapp/shared/log /home/ubuntu/applications/myapp/shared/tmp/pids /home/ubuntu/applications/myapp/shared/tmp/cache /home/ubuntu/applications/myapp/shared/tmp/sockets /home/ubuntu/applications/myapp/shared/vendor/bundle /home/ubuntu/applications/myapp/shared/public/uploads
  INFO [36c4f5b4] Finished in 0.302 seconds with exit status 0 (successful).
  INFO [dcb4dd0a] Running /usr/bin/env mkdir -p /home/ubuntu/applications/myapp/shared/config as ubuntu@52.14.173.77
 DEBUG [dcb4dd0a] Command: /usr/bin/env mkdir -p /home/ubuntu/applications/myapp/shared/config
  INFO [dcb4dd0a] Finished in 0.303 seconds with exit status 0 (successful).
 DEBUG [1a9d88aa] Running [ -f /home/ubuntu/applications/myapp/shared/config/database.yml ] as ubuntu@52.14.173.77
 DEBUG [1a9d88aa] Command: [ -f /home/ubuntu/applications/myapp/shared/config/database.yml ]
 DEBUG [1a9d88aa] Finished in 0.310 seconds with exit status 0 (successful).
 DEBUG [4478514b] Running [ -f /home/ubuntu/applications/myapp/shared/config/settings.yml ] as ubuntu@52.14.173.77
 DEBUG [4478514b] Command: [ -f /home/ubuntu/applications/myapp/shared/config/settings.yml ]
 DEBUG [4478514b] Finished in 0.305 seconds with exit status 0 (successful).
 DEBUG [43ac8796] Running [ -f /home/ubuntu/applications/myapp/current/REVISION ] as ubuntu@52.14.173.77
 DEBUG [43ac8796] Command: [ -f /home/ubuntu/applications/myapp/current/REVISION ]
 DEBUG [43ac8796] Finished in 0.304 seconds with exit status 1 (failed).
 DEBUG [94ffad98] Running [ -f /home/ubuntu/applications/myapp/repo/HEAD ] as ubuntu@52.14.173.77
 DEBUG [94ffad98] Command: [ -f /home/ubuntu/applications/myapp/repo/HEAD ]
 DEBUG [94ffad98] Finished in 0.303 seconds with exit status 1 (failed).
 DEBUG [f9441fdc] Running if test ! -d /home/ubuntu/applications/myapp/; then echo "Directory does not exist '/home/ubuntu/applications/myapp/'" 1>&2; false; fi as ubuntu@52.14.173.77
 DEBUG [f9441fdc] Command: if test ! -d /home/ubuntu/applications/myapp/; then echo "Directory does not exist '/home/ubuntu/applications/myapp/'" 1>&2; false; fi
 DEBUG [f9441fdc] Finished in 0.304 seconds with exit status 0 (successful).
  INFO [a1692b86] Running /usr/bin/env git clone --mirror https://github.com/YuraZhun/myapp.git /home/ubuntu/applications/myapp/repo as ubuntu@52.14.173.77
 DEBUG [a1692b86] Command: cd /home/ubuntu/applications/myapp/ && ( export GIT_ASKPASS="/bin/echo" GIT_SSH="/tmp/git-ssh-myapp-production-zhun.sh" ; /usr/bin/env git clone --mirror https://github.com/YuraZhun/myapp.git /home/ubuntu/applications/myapp/repo )
 DEBUG [a1692b86] 	Cloning into bare repository '/home/ubuntu/applications/myapp/repo'...
 DEBUG [a1692b86] 	remote: Counting objects: 134, done.[K
 DEBUG [a1692b86] 	
 DEBUG [a1692b86] 	remote: Compressing objects:   0% (1/107)   [K
 DEBUG [a1692b86] 	remote: Compressing objects:   1% (2/107)   [K
 DEBUG [a1692b86] 	remote: Compressing objects:   2% (3/107)   [K
 DEBUG [a1692b86] 	remote: Compressing objects:   3% (4/107)   [K
 DEBUG [a1692b86] 	remote: Compressing objects:   4% (5/107)   [K
 DEBUG [a1692b86] 	remote: Compressing objec
 DEBUG [a1692b86] 	ts:   5% (6/107)   [K
 DEBUG [a1692b86] 	remote: Compressing objects:   6% (7/107)   [K
 DEBUG [a1692b86] 	remote: Compressing objects:   7% (8/107)   [K
 DEBUG [a1692b86] 	remote: Compressing objects:   8% (9/107) 
 DEBUG [a1692b86] 	  [K
 DEBUG [a1692b86] 	remote: Compressing objects:   9% (10/107)   [K
 DEBUG [a1692b86] 	remote: Compressing objects:  10% (11/107)   [K
 DEBUG [a1692b86] 	remote: Compressing objects:  11% (12/107)   [K
 DEBUG [a1692b86] 	remote: Compressing objects:  12% (13/107)   [K
 DEBUG [a1692b86] 	remote: Compressing objects:  13% (14/107)   [K
 DEBUG [a1692b86] 	remote: Compressing objects:  14% (15/107)   [K
 DEBUG [a1692b86] 	remote: Compressing objects:  15% (17/107)   [K
 DEBUG [a1692b86] 	remote: Compressing objects:  16% (18/107)   [K
 DEBUG [a1692b86] 	remote: Compressing objects:  17% (19/107)   [K
 DEBUG [a1692b86] 	remote: Compressing objects:  18% (20/107)   [K
 DEBUG [a1692b86] 	remote: Compressing objects:  19% (21/107)   [K
 DEBUG [a1692b86] 	remote: Compressing objects:  20% (22/107)   [K
 DEBUG [a1692b86] 	remote: Compressing objects:  21% (23/107)   [K
 DEBUG [a1692b86] 	remote: Compressing objects:  22% (24/107)   [K
 DEBUG [a1692b86] 	remote: Compressing objects:  23% (25/107)   [K
 DEBUG [a1692b86] 	remote: Compressing objects:  24% (26/107)   [K
 DEBUG [a1692b86] 	remote: Compressing objects:  25% (27/107)   [K
 DEBUG [a1692b86] 	remote: Compressing objects:  26% (28/107)   [K
 DEBUG [a1692b86] 	remote: Compressing objects:  27% (29/107)   [K
 DEBUG [a1692b86] 	remote: Compressing objects:  28% (30/107)   [K
 DEBUG [a1692b86] 	remote: Compressing objects:  29% (32/107)   [K
 DEBUG [a1692b86] 	remote: Compressing objects:  30% (33/107)   [K
 DEBUG [a1692b86] 	remote: Compressing objects:  31% (34/107)   [K
 DEBUG [a1692b86] 	remote: Compressing objects:  32% (35/107)   [K
 DEBUG [a1692b86] 	remote: Compressing objects:  33% (36/107)   [K
 DEBUG [a1692b86] 	remote: Compressing objects:  34% (37/107)   [K
 DEBUG [a1692b86] 	remote: Compressing objects:  35% (38/107)   [K
 DEBUG [a1692b86] 	remote: Compressing objects:  36% (39/107)   [K
 DEBUG [a1692b86] 	remote: Compressing objects:  37% (40/107)   [K
 DEBUG [a1692b86] 	remote: Compressing objects:  38% (41/107)   [K
 DEBUG [a1692b86] 	remote: Compressing objects:  39% (42/107)   [K
 DEBUG [a1692b86] 	remote: Compressing objects:  40% (43/107)   [K
 DEBUG [a1692b86] 	remote: Compressing objects:  41% (44/107)   [K
 DEBUG [a1692b86] 	remote: Compressing objects:  42% (45/107)   [K
 DEBUG [a1692b86] 	remote: Compressing objects:  43% (47/107)   [K
 DEBUG [a1692b86] 	remote: Compressing objects:  44% (48/107)   [K
 DEBUG [a1692b86] 	remote: Compressing objects:  45% (49/107)   [K
 DEBUG [a1692b86] 	remote: Compressing objects:  46% (50/107)   [K
 DEBUG [a1692b86] 	remote: Compressing objects:  47% (51/107)   [K
 DEBUG [a1692b86] 	remote: Compressing objects:  48% (52/107)   [K
 DEBUG [a1692b86] 	remote: Compressing objects:  49% (53/107)   [K
 DEBUG [a1692b86] 	remote: Compressing objects:  50% (54/107)   [K
 DEBUG [a1692b86] 	remote: Compressing objects:  51% (55/107)   [K
 DEBUG [a1692b86] 	remote: Compressing objects:  52% (56/107)   [K
 DEBUG [a1692b86] 	remote: Compressing objects:  53% (57/107)   [K
 DEBUG [a1692b86] 	remote: Compressing objects:  54% (58/107)   [K
 DEBUG [a1692b86] 	remote: Compressing ob
 DEBUG [a1692b86] 	jects:  55% (59/107)   [K
 DEBUG [a1692b86] 	remote: Compressing objects:  56% (60/107)   [K
 DEBUG [a1692b86] 	remote: Compressing objects:  57% (61/107)   [K
 DEBUG [a1692b86] 	remote: Compressing objects:  58% (63/107)   [K
 DEBUG [a1692b86] 	remote: Compressing objects:  59% (64/107)   [K
 DEBUG [a1692b86] 	remote: Compressing objects:  60% (65/107)   [K
 DEBUG [a1692b86] 	remote: Compressing objects:  61% (66/107)   [K
 DEBUG [a1692b86] 	remote: Compressing objects:  62% (67/107)   [K
 DEBUG [a1692b86] 	remote: Compressing objects:  63% (68/107)   [K
 DEBUG [a1692b86] 	remote: Compressing objects:  64% (69/107)   [K
 DEBUG [a1692b86] 	remote: Compressing objects:  65% (70/107)   [K
 DEBUG [a1692b86] 	remote: Compressing objects:  66% (71/107)   [K
 DEBUG [a1692b86] 	remote: Compressing objects:  67% (72/107)   [K
 DEBUG [a1692b86] 	remote: Compressing objects:  68% (73/107)   [K
 DEBUG [a1692b86] 	remote: Compressing objects:  69% (74/107)   [K
 DEBUG [a1692b86] 	remote: Compressing objects:  70% (75/107)   [K
 DEBUG [a1692b86] 	remote: Compressing objects:  71% (76/107)   [K
 DEBUG [a1692b86] 	remote: Compressing objects:  72% (78/107)   [K
 DEBUG [a1692b86] 	remote: Compressing objects:  73% (79/107)   [K
 DEBUG [a1692b86] 	remote: Compressing objects:  74% (80/107)   [K
 DEBUG [a1692b86] 	remote: Compressing objects:  75% (81/107)   [K
 DEBUG [a1692b86] 	remote: Compressing objects:  76% (82/107)   [K
 DEBUG [a1692b86] 	remote: Compressing objects:  77% (83/107)   [K
 DEBUG [a1692b86] 	remote: Compressing objects:  78% (84/107)   [K
 DEBUG [a1692b86] 	remote: Compressing objects:  79% (85/107)   [K
 DEBUG [a1692b86] 	remote: Compressing objects:  80% (86/107)   [K
 DEBUG [a1692b86] 	remote: Compressing objects:  81% (87/107)   [K
 DEBUG [a1692b86] 	remote: Compressing objects:  82% (88/107)   [K
 DEBUG [a1692b86] 	remote: Compressing objects:  83% (89/107)   [K
 DEBUG [a1692b86] 	remote: Compressing objects:  84% (90/107)   [K
 DEBUG [a1692b86] 	remote: Compressing objects:  85% (91/107)   [K
 DEBUG [a1692b86] 	remote: Compressing objects:  86% (93/107)   [K
 DEBUG [a1692b86] 	remote: Compressing objects:  87% (94/107)   [K
 DEBUG [a1692b86] 	remote: Compressing objects:  88% (95/107)   [K
 DEBUG [a1692b86] 	remote: Compressing objects:  89% (96/107)   [K
 DEBUG [a1692b86] 	remote: Compressing objects:  90% (97/107)   [K
 DEBUG [a1692b86] 	remote: Compressing objects:  91% (98/107)   [K
 DEBUG [a1692b86] 	remote: Compressing objects:  92% (99/107)   [K
 DEBUG [a1692b86] 	remote: Compressing objects:  93% (100/107)   [K
 DEBUG [a1692b86] 	remote: Compressing objects:  94% (101/107)   [K
 DEBUG [a1692b86] 	remote: Compressing objects:  95% (102/107)   [K
 DEBUG [a1692b86] 	remote: Compressing objects:  96% (103/107)   [K
 DEBUG [a1692b86] 	remote: Compressing objects:  97% (104/107)   [K
 DEBUG [a1692b86] 	remote: Compressing objects:  98% (105/107)   [K
 DEBUG [a1692b86] 	remote: Compressing objects:  99% (106/107)   [K
 DEBUG [a1692b86] 	remote: Compressing objects: 100% (107/107)   [K
 DEBUG [a1692b86] 	remote: Compressing objects: 100% (107/107), done.[K
 DEBUG [a1692b86] 	
 DEBUG [a1692b86] 	Receiving objects:   0% (1/134)   
 DEBUG [a1692b86] 	Receiving objects:   1% (2/134)   
 DEBUG [a1692b86] 	Receiving objects:   2% (3/134)   
 DEBUG [a1692b86] 	Receiving objects:   3% (5/134)   
 DEBUG [a1692b86] 	Receiving objects:   4% (6/134)   
 DEBUG [a1692b86] 	Receiving objects:   5% (7/134)   
 DEBUG [a1692b86] 	Receiving objects:   6% (9/134)   
 DEBUG [a1692b86] 	Receiving objects:   7% (10/134)   
 DEBUG [a1692b86] 	Receiving objects:   8% (11/134)   
 DEBUG [a1692b86] 	Receiving objects:   9% (13/134)   
 DEBUG [a1692b86] 	Receiving objects:  10% (14/134)   
 DEBUG [a1692b86] 	Receiving objects:  11% (15/134)   
 DEBUG [a1692b86] 	Receiving objects:  12% (17/134)   
 DEBUG [a1692b86] 	Receiving objects:  13% (18/134)   
 DEBUG [a1692b86] 	Receiving objects:  14% (19/134)   
 DEBUG [a1692b86] 	Receiving objects:  15% (21/134)   
 DEBUG [a1692b86] 	Receiving objects:  16% (22/134)   
 DEBUG [a1692b86] 	Receiving objects:  17% (23/134)   
 DEBUG [a1692b86] 	Receiving objects:  18% (25/134)   
 DEBUG [a1692b86] 	Receiving objects:  19% (26/134)   
 DEBUG [a1692b86] 	Receiving objects:  20% (27/134)   
 DEBUG [a1692b86] 	Receiving objects:  21% (29/134)   
 DEBUG [a1692b86] 	Receiving objects:  22% (30/134)   
 DEBUG [a1692b86] 	Receiving objects:  23% (31/134)   
 DEBUG [a1692b86] 	Receiving objects:  24% (33/134)   
 DEBUG [a1692b86] 	Receiving objects:  25% (34/134)   
 DEBUG [a1692b86] 	Receiving objects:  26% (35/134)   
 DEBUG [a1692b86] 	Receiving objects:  27% (37/134)   
 DEBUG [a1692b86] 	Receiving objects:  28% (38/134)   
 DEBUG [a1692b86] 	Receiving objects:  29% (39/134)   
 DEBUG [a1692b86] 	Receiving objects:  30% (41/134)   
 DEBUG [a1692b86] 	Receiving objects:  31% (42/134)   
 DEBUG [a1692b86] 	Receiving objects:  32% (43/134)   
 DEBUG [a1692b86] 	Receiving objects:  33% (45/134)   
 DEBUG [a1692b86] 	Receiving objects:  34% (46/134)   
 DEBUG [a1692b86] 	Receiving objects:  35% (47/134)   
 DEBUG [a1692b86] 	Receiving objects:  36% (49/134)   
 DEBUG [a1692b86] 	Receiving objects:  37% (50/134)   
 DEBUG [a1692b86] 	Receiving objects:  38% (51/134)   
 DEBUG [a1692b86] 	Receiving objects:  39% (53/134)   
 DEBUG [a1692b86] 	Receiving objects:  40% (54/134)   
 DEBUG [a1692b86] 	Receiving objects:  41% (55/134)   
 DEBUG [a1692b86] 	Receiving objects:  42% (57/134)   
 DEBUG [a1692b86] 	Receiving objects:  43% (58/134)   
 DEBUG [a1692b86] 	Receiving objects:  44% (59/134)   
 DEBUG [a1692b86] 	Receiving objects:  45% (61/134)   
 DEBUG [a1692b86] 	Receiving objects:  46% (62/134)   
 DEBUG [a1692b86] 	Receiving objects:  47% (63/134)   
 DEBUG [a1692b86] 	Receiving objects:  48% (65/134)   
 DEBUG [a1692b86] 	Receiving objects:  49% (66/134)   
 DEBUG [a1692b86] 	Receiving objects:  50% (67/134)   
 DEBUG [a1692b86] 	Receiving objects:  51% (69/134)   
 DEBUG [a1692b86] 	Receiving objects:  52% (70/134)   
 DEBUG [a1692b86] 	Receiving objects:  53% (72/134)   
 DEBUG [a1692b86] 	Receiving objects:  54% (73/134)   
 DEBUG [a1692b86] 	Receiving objects:  55% (74/134)   
 DEBUG [a1692b86] 	Receiving objects:  56% (76/134)   
 DEBUG [a1692b86] 	remote: Total 134 (delta 26), reused 102 (delta 9), pack-reused 0[K
 DEBUG [a1692b86] 	
 DEBUG [a1692b86] 	Receiving objects:  57% (77/134)   
 DEBUG [a1692b86] 	Receiving objects:  58% (78/134)   
 DEBUG [a1692b86] 	Receiving objects:  59% (80/134)   
 DEBUG [a1692b86] 	Receiving objects:  60% (81/134)   
 DEBUG [a1692b86] 	Receiving objects:  61% (82/134)   
 DEBUG [a1692b86] 	Receiving objects:  62% (84/134)   
 DEBUG [a1692b86] 	Receiving objects:  63% (85/134)   
 DEBUG [a1692b86] 	Receiving objects:  64% (86/134)   
 DEBUG [a1692b86] 	Receiving objects:  65% (88/134)   
 DEBUG [a1692b86] 	Receiving objects:  66% (89/134)   
 DEBUG [a1692b86] 	Receiving objects:  67% (90/134)   
 DEBUG [a1692b86] 	Receiving objects:  68% (92/134)   
 DEBUG [a1692b86] 	Receiving objects:  69% (93/134)   
 DEBUG [a1692b86] 	Receiving objects:  70% (94/134)   
 DEBUG [a1692b86] 	Receiving objects:  71% (96/134)   
 DEBUG [a1692b86] 	Receiving objects:  72% (97/134)   
 DEBUG [a1692b86] 	Receiving objects:  73% (98/134)   
 DEBUG [a1692b86] 	Receiving objects:  74% (100/134)   
 DEBUG [a1692b86] 	Receiving objects:  75% (101/134)   
 DEBUG [a1692b86] 	Receiving objects:  76% (102/134)   
 DEBUG [a1692b86] 	Receiving objects:  77% (104/134)   
 DEBUG [a1692b86] 	Receiving objects:  78% (105/134)   
 DEBUG [a1692b86] 	Receiving objects:  79% (106/134)   
 DEBUG [a1692b86] 	Receiving objects:  80% (108/134)   
 DEBUG [a1692b86] 	Receiving objects:  81% (109/134)   
 DEBUG [a1692b86] 	Receiving objects:  82% (110/134)   
 DEBUG [a1692b86] 	Receiving objects:  83% (112/134)   
 DEBUG [a1692b86] 	Receiving objects:  84% (113/134)   
 DEBUG [a1692b86] 	Receiving objects:  85% (114/134)   
 DEBUG [a1692b86] 	Receiving objects:  86% (116/134)   
 DEBUG [a1692b86] 	Receiving objects:  87% (117/134)   
 DEBUG [a1692b86] 	Receiving objects:  88% (118/134)   
 DEBUG [a1692b86] 	Receiving objects:  89% (120/134)   
 DEBUG [a1692b86] 	Receiving objects:  90% (121/134)   
 DEBUG [a1692b86] 	Receiving objects:  91% (122/134)   
 DEBUG [a1692b86] 	Receiving objects:  92% (124/134)   
 DEBUG [a1692b86] 	Receiving objects:  93% (125/134)   
 DEBUG [a1692b86] 	Receiving objects:  94% (126/134)   
 DEBUG [a1692b86] 	Receiving objects:  95% (128/134)   
 DEBUG [a1692b86] 	Receiving objects:  96% (129/134)   
 DEBUG [a1692b86] 	Receiving objects:  97% (130/134)   
 DEBUG [a1692b86] 	Receiving objects:  98% (132/134)   
 DEBUG [a1692b86] 	Receiving objects:  99% (133/134)   
 DEBUG [a1692b86] 	Receiving objects: 100% (134/134)   
 DEBUG [a1692b86] 	Receiving objects: 100% (134/134), 24.46 KiB | 0 bytes/s, done.
 DEBUG [a1692b86] 	
 DEBUG [a1692b86] 	Resolving deltas:   0% (0/26)   
 DEBUG [a1692b86] 	Resolving deltas:  50% (13/26)   
 DEBUG [a1692b86] 	Resolving deltas:  53% (14/26)   
 DEBUG [a1692b86] 	Resolving deltas:  57% (15/26)   
 DEBUG [a1692b86] 	Resolving deltas:  61% (16/26)   
 DEBUG [a1692b86] 	Resolving deltas:  65% (17/26)   
 DEBUG [a1692b86] 	Resolving deltas:  73% (19/26)   
 DEBUG [a1692b86] 	Resolving deltas: 100% (26/26)   
 DEBUG [a1692b86] 	Resolving deltas: 100% (26/26), done.
 DEBUG [a1692b86] 	
 DEBUG [a1692b86] 	Checking connectivity... 
 DEBUG [a1692b86] 	done.
 DEBUG [a1692b86] 	
  INFO [a1692b86] Finished in 0.883 seconds with exit status 0 (successful).
 DEBUG [17c37447] Running if test ! -d /home/ubuntu/applications/myapp/repo; then echo "Directory does not exist '/home/ubuntu/applications/myapp/repo'" 1>&2; false; fi as ubuntu@52.14.173.77
 DEBUG [17c37447] Command: if test ! -d /home/ubuntu/applications/myapp/repo; then echo "Directory does not exist '/home/ubuntu/applications/myapp/repo'" 1>&2; false; fi
 DEBUG [17c37447] Finished in 0.299 seconds with exit status 0 (successful).
  INFO [b06208bd] Running /usr/bin/env git remote set-url origin https://github.com/YuraZhun/myapp.git as ubuntu@52.14.173.77
 DEBUG [b06208bd] Command: cd /home/ubuntu/applications/myapp/repo && ( export GIT_ASKPASS="/bin/echo" GIT_SSH="/tmp/git-ssh-myapp-production-zhun.sh" ; /usr/bin/env git remote set-url origin https://github.com/YuraZhun/myapp.git )
  INFO [b06208bd] Finished in 0.302 seconds with exit status 0 (successful).
  INFO [b254b718] Running /usr/bin/env git remote update --prune as ubuntu@52.14.173.77
 DEBUG [b254b718] Command: cd /home/ubuntu/applications/myapp/repo && ( export GIT_ASKPASS="/bin/echo" GIT_SSH="/tmp/git-ssh-myapp-production-zhun.sh" ; /usr/bin/env git remote update --prune )
 DEBUG [b254b718] 	Fetching origin
 DEBUG [b254b718] 	
  INFO [b254b718] Finished in 0.530 seconds with exit status 0 (successful).
 DEBUG [fca2d283] Running if test ! -d /home/ubuntu/applications/myapp/repo; then echo "Directory does not exist '/home/ubuntu/applications/myapp/repo'" 1>&2; false; fi as ubuntu@52.14.173.77
 DEBUG [fca2d283] Command: if test ! -d /home/ubuntu/applications/myapp/repo; then echo "Directory does not exist '/home/ubuntu/applications/myapp/repo'" 1>&2; false; fi
 DEBUG [fca2d283] Finished in 0.299 seconds with exit status 0 (successful).
  INFO [04955328] Running /usr/bin/env mkdir -p /home/ubuntu/applications/myapp/releases/20170419133512 as ubuntu@52.14.173.77
 DEBUG [04955328] Command: cd /home/ubuntu/applications/myapp/repo && ( export GIT_ASKPASS="/bin/echo" GIT_SSH="/tmp/git-ssh-myapp-production-zhun.sh" ; /usr/bin/env mkdir -p /home/ubuntu/applications/myapp/releases/20170419133512 )
  INFO [04955328] Finished in 0.305 seconds with exit status 0 (successful).
  INFO [69599fb1] Running /usr/bin/env git archive master | /usr/bin/env tar -x -f - -C /home/ubuntu/applications/myapp/releases/20170419133512 as ubuntu@52.14.173.77
 DEBUG [69599fb1] Command: cd /home/ubuntu/applications/myapp/repo && ( export GIT_ASKPASS="/bin/echo" GIT_SSH="/tmp/git-ssh-myapp-production-zhun.sh" ; /usr/bin/env git archive master | /usr/bin/env tar -x -f - -C /home/ubuntu/applications/myapp/releases/20170419133512 )
  INFO [69599fb1] Finished in 0.321 seconds with exit status 0 (successful).
 DEBUG [c102115f] Running if test ! -d /home/ubuntu/applications/myapp/repo; then echo "Directory does not exist '/home/ubuntu/applications/myapp/repo'" 1>&2; false; fi as ubuntu@52.14.173.77
 DEBUG [c102115f] Command: if test ! -d /home/ubuntu/applications/myapp/repo; then echo "Directory does not exist '/home/ubuntu/applications/myapp/repo'" 1>&2; false; fi
 DEBUG [c102115f] Finished in 0.310 seconds with exit status 0 (successful).
 DEBUG [8d84b633] Running /usr/bin/env git rev-list --max-count=1 master as ubuntu@52.14.173.77
 DEBUG [8d84b633] Command: cd /home/ubuntu/applications/myapp/repo && ( export GIT_ASKPASS="/bin/echo" GIT_SSH="/tmp/git-ssh-myapp-production-zhun.sh" ; /usr/bin/env git rev-list --max-count=1 master )
 DEBUG [8d84b633] 	671c693b964e8ca1339780078e9d6a27cc140563
 DEBUG [8d84b633] 	
 DEBUG [8d84b633] Finished in 0.305 seconds with exit status 0 (successful).
 DEBUG [9553e13c] Running if test ! -d /home/ubuntu/applications/myapp/releases/20170419133512; then echo "Directory does not exist '/home/ubuntu/applications/myapp/releases/20170419133512'" 1>&2; false; fi as ubuntu@52.14.173.77
 DEBUG [9553e13c] Command: if test ! -d /home/ubuntu/applications/myapp/releases/20170419133512; then echo "Directory does not exist '/home/ubuntu/applications/myapp/releases/20170419133512'" 1>&2; false; fi
 DEBUG [9553e13c] Finished in 0.299 seconds with exit status 0 (successful).
  INFO [84f5580d] Running /usr/bin/env echo "671c693b964e8ca1339780078e9d6a27cc140563" >> REVISION as ubuntu@52.14.173.77
 DEBUG [84f5580d] Command: cd /home/ubuntu/applications/myapp/releases/20170419133512 && /usr/bin/env echo "671c693b964e8ca1339780078e9d6a27cc140563" >> REVISION
  INFO [84f5580d] Finished in 0.310 seconds with exit status 0 (successful).
  INFO [c4c740bd] Running /usr/bin/env mkdir -p /home/ubuntu/applications/myapp/releases/20170419133512/config as ubuntu@52.14.173.77
 DEBUG [c4c740bd] Command: /usr/bin/env mkdir -p /home/ubuntu/applications/myapp/releases/20170419133512/config
  INFO [c4c740bd] Finished in 0.301 seconds with exit status 0 (successful).
 DEBUG [aab4459e] Running [ -L /home/ubuntu/applications/myapp/releases/20170419133512/config/database.yml ] as ubuntu@52.14.173.77
 DEBUG [aab4459e] Command: [ -L /home/ubuntu/applications/myapp/releases/20170419133512/config/database.yml ]
 DEBUG [aab4459e] Finished in 0.301 seconds with exit status 1 (failed).
 DEBUG [155a5bcc] Running [ -f /home/ubuntu/applications/myapp/releases/20170419133512/config/database.yml ] as ubuntu@52.14.173.77
 DEBUG [155a5bcc] Command: [ -f /home/ubuntu/applications/myapp/releases/20170419133512/config/database.yml ]
 DEBUG [155a5bcc] Finished in 0.300 seconds with exit status 0 (successful).
  INFO [51dd1362] Running /usr/bin/env rm /home/ubuntu/applications/myapp/releases/20170419133512/config/database.yml as ubuntu@52.14.173.77
 DEBUG [51dd1362] Command: /usr/bin/env rm /home/ubuntu/applications/myapp/releases/20170419133512/config/database.yml
  INFO [51dd1362] Finished in 0.316 seconds with exit status 0 (successful).
  INFO [379eb7c4] Running /usr/bin/env ln -s /home/ubuntu/applications/myapp/shared/config/database.yml /home/ubuntu/applications/myapp/releases/20170419133512/config/database.yml as ubuntu@52.14.173.77
 DEBUG [379eb7c4] Command: /usr/bin/env ln -s /home/ubuntu/applications/myapp/shared/config/database.yml /home/ubuntu/applications/myapp/releases/20170419133512/config/database.yml
  INFO [379eb7c4] Finished in 0.302 seconds with exit status 0 (successful).
 DEBUG [546c578f] Running [ -L /home/ubuntu/applications/myapp/releases/20170419133512/config/settings.yml ] as ubuntu@52.14.173.77
 DEBUG [546c578f] Command: [ -L /home/ubuntu/applications/myapp/releases/20170419133512/config/settings.yml ]
 DEBUG [546c578f] Finished in 0.301 seconds with exit status 1 (failed).
 DEBUG [35e1405b] Running [ -f /home/ubuntu/applications/myapp/releases/20170419133512/config/settings.yml ] as ubuntu@52.14.173.77
 DEBUG [35e1405b] Command: [ -f /home/ubuntu/applications/myapp/releases/20170419133512/config/settings.yml ]
 DEBUG [35e1405b] Finished in 0.303 seconds with exit status 1 (failed).
  INFO [ba3ccf7a] Running /usr/bin/env ln -s /home/ubuntu/applications/myapp/shared/config/settings.yml /home/ubuntu/applications/myapp/releases/20170419133512/config/settings.yml as ubuntu@52.14.173.77
 DEBUG [ba3ccf7a] Command: /usr/bin/env ln -s /home/ubuntu/applications/myapp/shared/config/settings.yml /home/ubuntu/applications/myapp/releases/20170419133512/config/settings.yml
  INFO [ba3ccf7a] Finished in 0.303 seconds with exit status 0 (successful).
  INFO [2c2d4df3] Running /usr/bin/env mkdir -p /home/ubuntu/applications/myapp/releases/20170419133512 /home/ubuntu/applications/myapp/releases/20170419133512/tmp /home/ubuntu/applications/myapp/releases/20170419133512/vendor /home/ubuntu/applications/myapp/releases/20170419133512/public as ubuntu@52.14.173.77
 DEBUG [2c2d4df3] Command: /usr/bin/env mkdir -p /home/ubuntu/applications/myapp/releases/20170419133512 /home/ubuntu/applications/myapp/releases/20170419133512/tmp /home/ubuntu/applications/myapp/releases/20170419133512/vendor /home/ubuntu/applications/myapp/releases/20170419133512/public
  INFO [2c2d4df3] Finished in 0.302 seconds with exit status 0 (successful).
 DEBUG [2d041e7e] Running [ -L /home/ubuntu/applications/myapp/releases/20170419133512/bin ] as ubuntu@52.14.173.77
 DEBUG [2d041e7e] Command: [ -L /home/ubuntu/applications/myapp/releases/20170419133512/bin ]
 DEBUG [2d041e7e] Finished in 0.308 seconds with exit status 1 (failed).
 DEBUG [a8d21710] Running [ -d /home/ubuntu/applications/myapp/releases/20170419133512/bin ] as ubuntu@52.14.173.77
 DEBUG [a8d21710] Command: [ -d /home/ubuntu/applications/myapp/releases/20170419133512/bin ]
 DEBUG [a8d21710] Finished in 0.300 seconds with exit status 0 (successful).
  INFO [022b4f00] Running /usr/bin/env rm -rf /home/ubuntu/applications/myapp/releases/20170419133512/bin as ubuntu@52.14.173.77
 DEBUG [022b4f00] Command: /usr/bin/env rm -rf /home/ubuntu/applications/myapp/releases/20170419133512/bin
  INFO [022b4f00] Finished in 0.310 seconds with exit status 0 (successful).
  INFO [45e60ead] Running /usr/bin/env ln -s /home/ubuntu/applications/myapp/shared/bin /home/ubuntu/applications/myapp/releases/20170419133512/bin as ubuntu@52.14.173.77
 DEBUG [45e60ead] Command: /usr/bin/env ln -s /home/ubuntu/applications/myapp/shared/bin /home/ubuntu/applications/myapp/releases/20170419133512/bin
  INFO [45e60ead] Finished in 0.300 seconds with exit status 0 (successful).
 DEBUG [efa5f089] Running [ -L /home/ubuntu/applications/myapp/releases/20170419133512/log ] as ubuntu@52.14.173.77
 DEBUG [efa5f089] Command: [ -L /home/ubuntu/applications/myapp/releases/20170419133512/log ]
 DEBUG [efa5f089] Finished in 0.299 seconds with exit status 1 (failed).
 DEBUG [bdd0750b] Running [ -d /home/ubuntu/applications/myapp/releases/20170419133512/log ] as ubuntu@52.14.173.77
 DEBUG [bdd0750b] Command: [ -d /home/ubuntu/applications/myapp/releases/20170419133512/log ]
 DEBUG [bdd0750b] Finished in 0.304 seconds with exit status 0 (successful).
  INFO [12e6caaa] Running /usr/bin/env rm -rf /home/ubuntu/applications/myapp/releases/20170419133512/log as ubuntu@52.14.173.77
 DEBUG [12e6caaa] Command: /usr/bin/env rm -rf /home/ubuntu/applications/myapp/releases/20170419133512/log
  INFO [12e6caaa] Finished in 0.307 seconds with exit status 0 (successful).
  INFO [41e40b99] Running /usr/bin/env ln -s /home/ubuntu/applications/myapp/shared/log /home/ubuntu/applications/myapp/releases/20170419133512/log as ubuntu@52.14.173.77
 DEBUG [41e40b99] Command: /usr/bin/env ln -s /home/ubuntu/applications/myapp/shared/log /home/ubuntu/applications/myapp/releases/20170419133512/log
  INFO [41e40b99] Finished in 0.301 seconds with exit status 0 (successful).
 DEBUG [a69994f9] Running [ -L /home/ubuntu/applications/myapp/releases/20170419133512/tmp/pids ] as ubuntu@52.14.173.77
 DEBUG [a69994f9] Command: [ -L /home/ubuntu/applications/myapp/releases/20170419133512/tmp/pids ]
 DEBUG [a69994f9] Finished in 0.298 seconds with exit status 1 (failed).
 DEBUG [5a6f6292] Running [ -d /home/ubuntu/applications/myapp/releases/20170419133512/tmp/pids ] as ubuntu@52.14.173.77
 DEBUG [5a6f6292] Command: [ -d /home/ubuntu/applications/myapp/releases/20170419133512/tmp/pids ]
 DEBUG [5a6f6292] Finished in 0.297 seconds with exit status 1 (failed).
  INFO [e3bffb09] Running /usr/bin/env ln -s /home/ubuntu/applications/myapp/shared/tmp/pids /home/ubuntu/applications/myapp/releases/20170419133512/tmp/pids as ubuntu@52.14.173.77
 DEBUG [e3bffb09] Command: /usr/bin/env ln -s /home/ubuntu/applications/myapp/shared/tmp/pids /home/ubuntu/applications/myapp/releases/20170419133512/tmp/pids
  INFO [e3bffb09] Finished in 0.302 seconds with exit status 0 (successful).
 DEBUG [6662f222] Running [ -L /home/ubuntu/applications/myapp/releases/20170419133512/tmp/cache ] as ubuntu@52.14.173.77
 DEBUG [6662f222] Command: [ -L /home/ubuntu/applications/myapp/releases/20170419133512/tmp/cache ]
 DEBUG [6662f222] Finished in 0.300 seconds with exit status 1 (failed).
 DEBUG [93d4c31b] Running [ -d /home/ubuntu/applications/myapp/releases/20170419133512/tmp/cache ] as ubuntu@52.14.173.77
 DEBUG [93d4c31b] Command: [ -d /home/ubuntu/applications/myapp/releases/20170419133512/tmp/cache ]
 DEBUG [93d4c31b] Finished in 0.300 seconds with exit status 1 (failed).
  INFO [1ef86c36] Running /usr/bin/env ln -s /home/ubuntu/applications/myapp/shared/tmp/cache /home/ubuntu/applications/myapp/releases/20170419133512/tmp/cache as ubuntu@52.14.173.77
 DEBUG [1ef86c36] Command: /usr/bin/env ln -s /home/ubuntu/applications/myapp/shared/tmp/cache /home/ubuntu/applications/myapp/releases/20170419133512/tmp/cache
  INFO [1ef86c36] Finished in 0.311 seconds with exit status 0 (successful).
 DEBUG [e81a3cf8] Running [ -L /home/ubuntu/applications/myapp/releases/20170419133512/tmp/sockets ] as ubuntu@52.14.173.77
 DEBUG [e81a3cf8] Command: [ -L /home/ubuntu/applications/myapp/releases/20170419133512/tmp/sockets ]
 DEBUG [e81a3cf8] Finished in 0.311 seconds with exit status 1 (failed).
 DEBUG [6b90fedb] Running [ -d /home/ubuntu/applications/myapp/releases/20170419133512/tmp/sockets ] as ubuntu@52.14.173.77
 DEBUG [6b90fedb] Command: [ -d /home/ubuntu/applications/myapp/releases/20170419133512/tmp/sockets ]
 DEBUG [6b90fedb] Finished in 0.314 seconds with exit status 1 (failed).
  INFO [8a1ca079] Running /usr/bin/env ln -s /home/ubuntu/applications/myapp/shared/tmp/sockets /home/ubuntu/applications/myapp/releases/20170419133512/tmp/sockets as ubuntu@52.14.173.77
 DEBUG [8a1ca079] Command: /usr/bin/env ln -s /home/ubuntu/applications/myapp/shared/tmp/sockets /home/ubuntu/applications/myapp/releases/20170419133512/tmp/sockets
  INFO [8a1ca079] Finished in 0.301 seconds with exit status 0 (successful).
 DEBUG [536a8d79] Running [ -L /home/ubuntu/applications/myapp/releases/20170419133512/vendor/bundle ] as ubuntu@52.14.173.77
 DEBUG [536a8d79] Command: [ -L /home/ubuntu/applications/myapp/releases/20170419133512/vendor/bundle ]
 DEBUG [536a8d79] Finished in 0.298 seconds with exit status 1 (failed).
 DEBUG [eeecbbcb] Running [ -d /home/ubuntu/applications/myapp/releases/20170419133512/vendor/bundle ] as ubuntu@52.14.173.77
 DEBUG [eeecbbcb] Command: [ -d /home/ubuntu/applications/myapp/releases/20170419133512/vendor/bundle ]
 DEBUG [eeecbbcb] Finished in 0.303 seconds with exit status 1 (failed).
  INFO [bd42d31c] Running /usr/bin/env ln -s /home/ubuntu/applications/myapp/shared/vendor/bundle /home/ubuntu/applications/myapp/releases/20170419133512/vendor/bundle as ubuntu@52.14.173.77
 DEBUG [bd42d31c] Command: /usr/bin/env ln -s /home/ubuntu/applications/myapp/shared/vendor/bundle /home/ubuntu/applications/myapp/releases/20170419133512/vendor/bundle
  INFO [bd42d31c] Finished in 0.302 seconds with exit status 0 (successful).
 DEBUG [47902a83] Running [ -L /home/ubuntu/applications/myapp/releases/20170419133512/public/uploads ] as ubuntu@52.14.173.77
 DEBUG [47902a83] Command: [ -L /home/ubuntu/applications/myapp/releases/20170419133512/public/uploads ]
 DEBUG [47902a83] Finished in 0.304 seconds with exit status 1 (failed).
 DEBUG [d7010492] Running [ -d /home/ubuntu/applications/myapp/releases/20170419133512/public/uploads ] as ubuntu@52.14.173.77
 DEBUG [d7010492] Command: [ -d /home/ubuntu/applications/myapp/releases/20170419133512/public/uploads ]
 DEBUG [d7010492] Finished in 0.307 seconds with exit status 1 (failed).
  INFO [6ff3b6c3] Running /usr/bin/env ln -s /home/ubuntu/applications/myapp/shared/public/uploads /home/ubuntu/applications/myapp/releases/20170419133512/public/uploads as ubuntu@52.14.173.77
 DEBUG [6ff3b6c3] Command: /usr/bin/env ln -s /home/ubuntu/applications/myapp/shared/public/uploads /home/ubuntu/applications/myapp/releases/20170419133512/public/uploads
  INFO [6ff3b6c3] Finished in 0.299 seconds with exit status 0 (successful).
  INFO [2181a22c] Running /usr/bin/env ln -s /home/ubuntu/applications/myapp/releases/20170419133512 /home/ubuntu/applications/myapp/releases/current as ubuntu@52.14.173.77
 DEBUG [2181a22c] Command: /usr/bin/env ln -s /home/ubuntu/applications/myapp/releases/20170419133512 /home/ubuntu/applications/myapp/releases/current
  INFO [2181a22c] Finished in 0.301 seconds with exit status 0 (successful).
  INFO [cd4b78ad] Running /usr/bin/env mv /home/ubuntu/applications/myapp/releases/current /home/ubuntu/applications/myapp as ubuntu@52.14.173.77
 DEBUG [cd4b78ad] Command: /usr/bin/env mv /home/ubuntu/applications/myapp/releases/current /home/ubuntu/applications/myapp
  INFO [cd4b78ad] Finished in 0.304 seconds with exit status 0 (successful).
 DEBUG [96b92b55] Running /usr/bin/env ls -x /home/ubuntu/applications/myapp/releases as ubuntu@52.14.173.77
 DEBUG [96b92b55] Command: /usr/bin/env ls -x /home/ubuntu/applications/myapp/releases
 DEBUG [96b92b55] 	20170419133512
 DEBUG [96b92b55] Finished in 0.300 seconds with exit status 0 (successful).
 DEBUG [c0977330] Running if test ! -d /home/ubuntu/applications/myapp/releases; then echo "Directory does not exist '/home/ubuntu/applications/myapp/releases'" 1>&2; false; fi as ubuntu@52.14.173.77
 DEBUG [c0977330] Command: if test ! -d /home/ubuntu/applications/myapp/releases; then echo "Directory does not exist '/home/ubuntu/applications/myapp/releases'" 1>&2; false; fi
 DEBUG [c0977330] Finished in 0.307 seconds with exit status 0 (successful).
  INFO [69891bbe] Running /usr/bin/env echo "Branch master (at 671c693b964e8ca1339780078e9d6a27cc140563) deployed as release 20170419133512 by zhun" >> /home/ubuntu/applications/myapp/revisions.log as ubuntu@52.14.173.77
 DEBUG [69891bbe] Command: cd /home/ubuntu/applications/myapp/releases && /usr/bin/env echo "Branch master (at 671c693b964e8ca1339780078e9d6a27cc140563) deployed as release 20170419133512 by zhun" >> /home/ubuntu/applications/myapp/revisions.log
  INFO [69891bbe] Finished in 0.300 seconds with exit status 0 (successful).
  INFO ---------------------------------------------------------------------------
  INFO START 2017-04-19 21:14:35 +0300 cap production deploy
  INFO ---------------------------------------------------------------------------
  INFO [39ff841a] Running /usr/bin/env mkdir -p /tmp as ubuntu@52.14.173.77
 DEBUG [39ff841a] Command: /usr/bin/env mkdir -p /tmp
  INFO [39ff841a] Finished in 2.644 seconds with exit status 0 (successful).
 DEBUG Uploading /tmp/git-ssh-myapp-production-zhun.sh 0.0%
  INFO Uploading /tmp/git-ssh-myapp-production-zhun.sh 100.0%
  INFO [09403356] Running /usr/bin/env chmod 700 /tmp/git-ssh-myapp-production-zhun.sh as ubuntu@52.14.173.77
 DEBUG [09403356] Command: /usr/bin/env chmod 700 /tmp/git-ssh-myapp-production-zhun.sh
  INFO [09403356] Finished in 0.299 seconds with exit status 0 (successful).
  INFO [66b3cfe8] Running /usr/bin/env git ls-remote https://github.com/YuraZhun/myapp.git HEAD as ubuntu@52.14.173.77
 DEBUG [66b3cfe8] Command: ( export GIT_ASKPASS="/bin/echo" GIT_SSH="/tmp/git-ssh-myapp-production-zhun.sh" ; /usr/bin/env git ls-remote https://github.com/YuraZhun/myapp.git HEAD )
 DEBUG [66b3cfe8] 	671c693b964e8ca1339780078e9d6a27cc140563	HEAD
  INFO [66b3cfe8] Finished in 0.575 seconds with exit status 0 (successful).
  INFO [37ff04d2] Running /usr/bin/env mkdir -p /data/myapp/shared /data/myapp/releases as ubuntu@52.14.173.77
 DEBUG [37ff04d2] Command: /usr/bin/env mkdir -p /data/myapp/shared /data/myapp/releases
 DEBUG [37ff04d2] 	mkdir: 
 DEBUG [37ff04d2] 	cannot create directory '/data/myapp/releases'
 DEBUG [37ff04d2] 	: Permission denied
 DEBUG [37ff04d2] 	
  INFO ---------------------------------------------------------------------------
  INFO START 2017-04-19 21:28:19 +0300 cap production deploy
  INFO ---------------------------------------------------------------------------
  INFO [793bc939] Running /usr/bin/env mkdir -p /tmp as ubuntu@52.14.173.77
 DEBUG [793bc939] Command: /usr/bin/env mkdir -p /tmp
  INFO [793bc939] Finished in 2.981 seconds with exit status 0 (successful).
 DEBUG Uploading /tmp/git-ssh-myapp-production-zhun.sh 0.0%
  INFO Uploading /tmp/git-ssh-myapp-production-zhun.sh 100.0%
  INFO [bc8eac0b] Running /usr/bin/env chmod 700 /tmp/git-ssh-myapp-production-zhun.sh as ubuntu@52.14.173.77
 DEBUG [bc8eac0b] Command: /usr/bin/env chmod 700 /tmp/git-ssh-myapp-production-zhun.sh
  INFO [bc8eac0b] Finished in 0.302 seconds with exit status 0 (successful).
  INFO [8c3d83a4] Running /usr/bin/env git ls-remote https://github.com/YuraZhun/myapp.git HEAD as ubuntu@52.14.173.77
 DEBUG [8c3d83a4] Command: ( export GIT_ASKPASS="/bin/echo" GIT_SSH="/tmp/git-ssh-myapp-production-zhun.sh" ; /usr/bin/env git ls-remote https://github.com/YuraZhun/myapp.git HEAD )
 DEBUG [8c3d83a4] 	671c693b964e8ca1339780078e9d6a27cc140563	HEAD
  INFO [8c3d83a4] Finished in 0.550 seconds with exit status 0 (successful).
  INFO [5476937f] Running /usr/bin/env mkdir -p /home/deploy/myapp/shared /home/deploy/myapp/releases as ubuntu@52.14.173.77
 DEBUG [5476937f] Command: /usr/bin/env mkdir -p /home/deploy/myapp/shared /home/deploy/myapp/releases
 DEBUG [5476937f] 	mkdir: 
 DEBUG [5476937f] 	cannot create directory '/home/deploy/myapp/releases'
 DEBUG [5476937f] 	: Permission denied
 DEBUG [5476937f] 	
  INFO ---------------------------------------------------------------------------
  INFO START 2017-04-19 21:31:05 +0300 cap production deploy
  INFO ---------------------------------------------------------------------------
  INFO [47effb5a] Running /usr/bin/env mkdir -p /tmp as deploy@52.14.173.77
 DEBUG [47effb5a] Command: /usr/bin/env mkdir -p /tmp
  INFO [47effb5a] Finished in 2.402 seconds with exit status 0 (successful).
 DEBUG Uploading /tmp/git-ssh-myapp-production-zhun.sh 0.0%
  INFO ---------------------------------------------------------------------------
  INFO START 2017-04-19 21:36:07 +0300 cap production deploy
  INFO ---------------------------------------------------------------------------
  INFO [2ac6add7] Running /usr/bin/env mkdir -p /tmp as deploy@52.14.173.77
 DEBUG [2ac6add7] Command: /usr/bin/env mkdir -p /tmp
  INFO [2ac6add7] Finished in 1.833 seconds with exit status 0 (successful).
 DEBUG Uploading /tmp/git-ssh-myapp-production-zhun.sh 0.0%
  INFO ---------------------------------------------------------------------------
  INFO START 2017-04-19 22:31:07 +0300 cap production deploy
  INFO ---------------------------------------------------------------------------
  INFO [ceef99a8] Running /usr/bin/env mkdir -p /tmp as deploy@52.14.173.77
 DEBUG [ceef99a8] Command: /usr/bin/env mkdir -p /tmp
  INFO [ceef99a8] Finished in 2.466 seconds with exit status 0 (successful).
 DEBUG Uploading /tmp/git-ssh-myapp-production-zhun.sh 0.0%
  INFO ---------------------------------------------------------------------------
  INFO START 2017-04-19 22:32:15 +0300 cap production deploy
  INFO ---------------------------------------------------------------------------
  INFO [b3ccd43e] Running /usr/bin/env mkdir -p /tmp as deploy@52.14.173.77
 DEBUG [b3ccd43e] Command: /usr/bin/env mkdir -p /tmp
  INFO [b3ccd43e] Finished in 2.078 seconds with exit status 0 (successful).
 DEBUG Uploading /tmp/git-ssh-myapp-production-zhun.sh 0.0%
